<?xml-stylesheet type="text/xsl" href="junit-tests-report.xslt" ?>
<testsuites name="jest tests" tests="431" failures="16" time="7.864">
  <testsuite name="plugins/MobileChannelHeaderPlug" errors="0" failures="7" skipped="0" timestamp="2019-10-30T21:35:48" time="1.032" tests="7">
    <testcase classname="plugins/MobileChannelHeaderPlug should match snapshot with no extended component" name="plugins/MobileChannelHeaderPlug should match snapshot with no extended component" time="0.023">
      <failure>TypeError: Cannot read property &apos;current&apos; of undefined
    at warnIfNotScopedWithMatchingAct (/home/mjl/Projects/riff/mattermost-webapp/node_modules/react-dom/cjs/react-dom.development.js:23264:59)
    at updateContainer (/home/mjl/Projects/riff/mattermost-webapp/node_modules/react-dom/cjs/react-dom.development.js:24431:7)
    at /home/mjl/Projects/riff/mattermost-webapp/node_modules/react-dom/cjs/react-dom.development.js:24963:7
    at unbatchedUpdates (/home/mjl/Projects/riff/mattermost-webapp/node_modules/react-dom/cjs/react-dom.development.js:21687:12)
    at legacyRenderSubtreeIntoContainer (/home/mjl/Projects/riff/mattermost-webapp/node_modules/react-dom/cjs/react-dom.development.js:24962:5)
    at Object.render (/home/mjl/Projects/riff/mattermost-webapp/node_modules/react-dom/cjs/react-dom.development.js:25042:12)
    at getFiber (/home/mjl/Projects/riff/mattermost-webapp/node_modules/enzyme-adapter-react-16/build/detectFiberTags.js:49:25)
    at detectFiberTags (/home/mjl/Projects/riff/mattermost-webapp/node_modules/enzyme-adapter-react-16/build/detectFiberTags.js:101:17)
    at ReactSixteenAdapter.createMountRenderer (/home/mjl/Projects/riff/mattermost-webapp/node_modules/enzyme-adapter-react-16/build/ReactSixteenAdapter.js:290:56)
    at ReactSixteenAdapter.createRenderer (/home/mjl/Projects/riff/mattermost-webapp/node_modules/enzyme-adapter-react-16/build/ReactSixteenAdapter.js:497:25)
    at new ReactWrapper (/home/mjl/Projects/riff/mattermost-webapp/node_modules/enzyme/build/ReactWrapper.js:113:30)
    at mount (/home/mjl/Projects/riff/mattermost-webapp/node_modules/enzyme/build/mount.js:21:10)
    at Object.&lt;anonymous&gt; (/home/mjl/Projects/riff/mattermost-webapp/tests/plugins/mobile_channel_header_plug.test.jsx:19:25)
    at Object.asyncJestTest (/home/mjl/Projects/riff/mattermost-webapp/node_modules/jest-jasmine2/build/jasmine_async.js:108:37)
    at /home/mjl/Projects/riff/mattermost-webapp/node_modules/jest-jasmine2/build/queue_runner.js:56:12
    at new Promise (&lt;anonymous&gt;)
    at mapper (/home/mjl/Projects/riff/mattermost-webapp/node_modules/jest-jasmine2/build/queue_runner.js:43:19)
    at /home/mjl/Projects/riff/mattermost-webapp/node_modules/jest-jasmine2/build/queue_runner.js:87:41
    at processTicksAndRejections (internal/process/task_queues.js:93:5)</failure>
    </testcase>
    <testcase classname="plugins/MobileChannelHeaderPlug should match snapshot with one extended component" name="plugins/MobileChannelHeaderPlug should match snapshot with one extended component" time="0.002">
      <failure>TypeError: Cannot read property &apos;current&apos; of undefined
    at warnIfNotScopedWithMatchingAct (/home/mjl/Projects/riff/mattermost-webapp/node_modules/react-dom/cjs/react-dom.development.js:23264:59)
    at updateContainer (/home/mjl/Projects/riff/mattermost-webapp/node_modules/react-dom/cjs/react-dom.development.js:24431:7)
    at /home/mjl/Projects/riff/mattermost-webapp/node_modules/react-dom/cjs/react-dom.development.js:24963:7
    at unbatchedUpdates (/home/mjl/Projects/riff/mattermost-webapp/node_modules/react-dom/cjs/react-dom.development.js:21687:12)
    at legacyRenderSubtreeIntoContainer (/home/mjl/Projects/riff/mattermost-webapp/node_modules/react-dom/cjs/react-dom.development.js:24962:5)
    at Object.render (/home/mjl/Projects/riff/mattermost-webapp/node_modules/react-dom/cjs/react-dom.development.js:25042:12)
    at getFiber (/home/mjl/Projects/riff/mattermost-webapp/node_modules/enzyme-adapter-react-16/build/detectFiberTags.js:49:25)
    at detectFiberTags (/home/mjl/Projects/riff/mattermost-webapp/node_modules/enzyme-adapter-react-16/build/detectFiberTags.js:101:17)
    at ReactSixteenAdapter.createMountRenderer (/home/mjl/Projects/riff/mattermost-webapp/node_modules/enzyme-adapter-react-16/build/ReactSixteenAdapter.js:290:56)
    at ReactSixteenAdapter.createRenderer (/home/mjl/Projects/riff/mattermost-webapp/node_modules/enzyme-adapter-react-16/build/ReactSixteenAdapter.js:497:25)
    at new ReactWrapper (/home/mjl/Projects/riff/mattermost-webapp/node_modules/enzyme/build/ReactWrapper.js:113:30)
    at mount (/home/mjl/Projects/riff/mattermost-webapp/node_modules/enzyme/build/mount.js:21:10)
    at Object.&lt;anonymous&gt; (/home/mjl/Projects/riff/mattermost-webapp/tests/plugins/mobile_channel_header_plug.test.jsx:32:25)
    at Object.asyncJestTest (/home/mjl/Projects/riff/mattermost-webapp/node_modules/jest-jasmine2/build/jasmine_async.js:108:37)
    at /home/mjl/Projects/riff/mattermost-webapp/node_modules/jest-jasmine2/build/queue_runner.js:56:12
    at new Promise (&lt;anonymous&gt;)
    at mapper (/home/mjl/Projects/riff/mattermost-webapp/node_modules/jest-jasmine2/build/queue_runner.js:43:19)
    at /home/mjl/Projects/riff/mattermost-webapp/node_modules/jest-jasmine2/build/queue_runner.js:87:41
    at processTicksAndRejections (internal/process/task_queues.js:93:5)</failure>
    </testcase>
    <testcase classname="plugins/MobileChannelHeaderPlug should match snapshot with two extended components" name="plugins/MobileChannelHeaderPlug should match snapshot with two extended components" time="0.001">
      <failure>TypeError: Cannot read property &apos;current&apos; of undefined
    at warnIfNotScopedWithMatchingAct (/home/mjl/Projects/riff/mattermost-webapp/node_modules/react-dom/cjs/react-dom.development.js:23264:59)
    at updateContainer (/home/mjl/Projects/riff/mattermost-webapp/node_modules/react-dom/cjs/react-dom.development.js:24431:7)
    at /home/mjl/Projects/riff/mattermost-webapp/node_modules/react-dom/cjs/react-dom.development.js:24963:7
    at unbatchedUpdates (/home/mjl/Projects/riff/mattermost-webapp/node_modules/react-dom/cjs/react-dom.development.js:21687:12)
    at legacyRenderSubtreeIntoContainer (/home/mjl/Projects/riff/mattermost-webapp/node_modules/react-dom/cjs/react-dom.development.js:24962:5)
    at Object.render (/home/mjl/Projects/riff/mattermost-webapp/node_modules/react-dom/cjs/react-dom.development.js:25042:12)
    at getFiber (/home/mjl/Projects/riff/mattermost-webapp/node_modules/enzyme-adapter-react-16/build/detectFiberTags.js:49:25)
    at detectFiberTags (/home/mjl/Projects/riff/mattermost-webapp/node_modules/enzyme-adapter-react-16/build/detectFiberTags.js:101:17)
    at ReactSixteenAdapter.createMountRenderer (/home/mjl/Projects/riff/mattermost-webapp/node_modules/enzyme-adapter-react-16/build/ReactSixteenAdapter.js:290:56)
    at ReactSixteenAdapter.createRenderer (/home/mjl/Projects/riff/mattermost-webapp/node_modules/enzyme-adapter-react-16/build/ReactSixteenAdapter.js:497:25)
    at new ReactWrapper (/home/mjl/Projects/riff/mattermost-webapp/node_modules/enzyme/build/ReactWrapper.js:113:30)
    at mount (/home/mjl/Projects/riff/mattermost-webapp/node_modules/enzyme/build/mount.js:21:10)
    at Object.&lt;anonymous&gt; (/home/mjl/Projects/riff/mattermost-webapp/tests/plugins/mobile_channel_header_plug.test.jsx:53:25)
    at Object.asyncJestTest (/home/mjl/Projects/riff/mattermost-webapp/node_modules/jest-jasmine2/build/jasmine_async.js:108:37)
    at /home/mjl/Projects/riff/mattermost-webapp/node_modules/jest-jasmine2/build/queue_runner.js:56:12
    at new Promise (&lt;anonymous&gt;)
    at mapper (/home/mjl/Projects/riff/mattermost-webapp/node_modules/jest-jasmine2/build/queue_runner.js:43:19)
    at /home/mjl/Projects/riff/mattermost-webapp/node_modules/jest-jasmine2/build/queue_runner.js:87:41
    at processTicksAndRejections (internal/process/task_queues.js:93:5)</failure>
    </testcase>
    <testcase classname="plugins/MobileChannelHeaderPlug should match snapshot with no extended component, in dropdown" name="plugins/MobileChannelHeaderPlug should match snapshot with no extended component, in dropdown" time="0.001">
      <failure>TypeError: Cannot read property &apos;current&apos; of undefined
    at warnIfNotScopedWithMatchingAct (/home/mjl/Projects/riff/mattermost-webapp/node_modules/react-dom/cjs/react-dom.development.js:23264:59)
    at updateContainer (/home/mjl/Projects/riff/mattermost-webapp/node_modules/react-dom/cjs/react-dom.development.js:24431:7)
    at /home/mjl/Projects/riff/mattermost-webapp/node_modules/react-dom/cjs/react-dom.development.js:24963:7
    at unbatchedUpdates (/home/mjl/Projects/riff/mattermost-webapp/node_modules/react-dom/cjs/react-dom.development.js:21687:12)
    at legacyRenderSubtreeIntoContainer (/home/mjl/Projects/riff/mattermost-webapp/node_modules/react-dom/cjs/react-dom.development.js:24962:5)
    at Object.render (/home/mjl/Projects/riff/mattermost-webapp/node_modules/react-dom/cjs/react-dom.development.js:25042:12)
    at getFiber (/home/mjl/Projects/riff/mattermost-webapp/node_modules/enzyme-adapter-react-16/build/detectFiberTags.js:49:25)
    at detectFiberTags (/home/mjl/Projects/riff/mattermost-webapp/node_modules/enzyme-adapter-react-16/build/detectFiberTags.js:101:17)
    at ReactSixteenAdapter.createMountRenderer (/home/mjl/Projects/riff/mattermost-webapp/node_modules/enzyme-adapter-react-16/build/ReactSixteenAdapter.js:290:56)
    at ReactSixteenAdapter.createRenderer (/home/mjl/Projects/riff/mattermost-webapp/node_modules/enzyme-adapter-react-16/build/ReactSixteenAdapter.js:497:25)
    at new ReactWrapper (/home/mjl/Projects/riff/mattermost-webapp/node_modules/enzyme/build/ReactWrapper.js:113:30)
    at mount (/home/mjl/Projects/riff/mattermost-webapp/node_modules/enzyme/build/mount.js:21:10)
    at Object.&lt;anonymous&gt; (/home/mjl/Projects/riff/mattermost-webapp/tests/plugins/mobile_channel_header_plug.test.jsx:66:25)
    at Object.asyncJestTest (/home/mjl/Projects/riff/mattermost-webapp/node_modules/jest-jasmine2/build/jasmine_async.js:108:37)
    at /home/mjl/Projects/riff/mattermost-webapp/node_modules/jest-jasmine2/build/queue_runner.js:56:12
    at new Promise (&lt;anonymous&gt;)
    at mapper (/home/mjl/Projects/riff/mattermost-webapp/node_modules/jest-jasmine2/build/queue_runner.js:43:19)
    at /home/mjl/Projects/riff/mattermost-webapp/node_modules/jest-jasmine2/build/queue_runner.js:87:41
    at processTicksAndRejections (internal/process/task_queues.js:93:5)</failure>
    </testcase>
    <testcase classname="plugins/MobileChannelHeaderPlug should match snapshot with one extended component, in dropdown" name="plugins/MobileChannelHeaderPlug should match snapshot with one extended component, in dropdown" time="0.001">
      <failure>TypeError: Cannot read property &apos;current&apos; of undefined
    at warnIfNotScopedWithMatchingAct (/home/mjl/Projects/riff/mattermost-webapp/node_modules/react-dom/cjs/react-dom.development.js:23264:59)
    at updateContainer (/home/mjl/Projects/riff/mattermost-webapp/node_modules/react-dom/cjs/react-dom.development.js:24431:7)
    at /home/mjl/Projects/riff/mattermost-webapp/node_modules/react-dom/cjs/react-dom.development.js:24963:7
    at unbatchedUpdates (/home/mjl/Projects/riff/mattermost-webapp/node_modules/react-dom/cjs/react-dom.development.js:21687:12)
    at legacyRenderSubtreeIntoContainer (/home/mjl/Projects/riff/mattermost-webapp/node_modules/react-dom/cjs/react-dom.development.js:24962:5)
    at Object.render (/home/mjl/Projects/riff/mattermost-webapp/node_modules/react-dom/cjs/react-dom.development.js:25042:12)
    at getFiber (/home/mjl/Projects/riff/mattermost-webapp/node_modules/enzyme-adapter-react-16/build/detectFiberTags.js:49:25)
    at detectFiberTags (/home/mjl/Projects/riff/mattermost-webapp/node_modules/enzyme-adapter-react-16/build/detectFiberTags.js:101:17)
    at ReactSixteenAdapter.createMountRenderer (/home/mjl/Projects/riff/mattermost-webapp/node_modules/enzyme-adapter-react-16/build/ReactSixteenAdapter.js:290:56)
    at ReactSixteenAdapter.createRenderer (/home/mjl/Projects/riff/mattermost-webapp/node_modules/enzyme-adapter-react-16/build/ReactSixteenAdapter.js:497:25)
    at new ReactWrapper (/home/mjl/Projects/riff/mattermost-webapp/node_modules/enzyme/build/ReactWrapper.js:113:30)
    at mount (/home/mjl/Projects/riff/mattermost-webapp/node_modules/enzyme/build/mount.js:21:10)
    at Object.&lt;anonymous&gt; (/home/mjl/Projects/riff/mattermost-webapp/tests/plugins/mobile_channel_header_plug.test.jsx:79:25)
    at Object.asyncJestTest (/home/mjl/Projects/riff/mattermost-webapp/node_modules/jest-jasmine2/build/jasmine_async.js:108:37)
    at /home/mjl/Projects/riff/mattermost-webapp/node_modules/jest-jasmine2/build/queue_runner.js:56:12
    at new Promise (&lt;anonymous&gt;)
    at mapper (/home/mjl/Projects/riff/mattermost-webapp/node_modules/jest-jasmine2/build/queue_runner.js:43:19)
    at /home/mjl/Projects/riff/mattermost-webapp/node_modules/jest-jasmine2/build/queue_runner.js:87:41
    at processTicksAndRejections (internal/process/task_queues.js:93:5)</failure>
    </testcase>
    <testcase classname="plugins/MobileChannelHeaderPlug should match snapshot with two extended components, in dropdown" name="plugins/MobileChannelHeaderPlug should match snapshot with two extended components, in dropdown" time="0.001">
      <failure>TypeError: Cannot read property &apos;current&apos; of undefined
    at warnIfNotScopedWithMatchingAct (/home/mjl/Projects/riff/mattermost-webapp/node_modules/react-dom/cjs/react-dom.development.js:23264:59)
    at updateContainer (/home/mjl/Projects/riff/mattermost-webapp/node_modules/react-dom/cjs/react-dom.development.js:24431:7)
    at /home/mjl/Projects/riff/mattermost-webapp/node_modules/react-dom/cjs/react-dom.development.js:24963:7
    at unbatchedUpdates (/home/mjl/Projects/riff/mattermost-webapp/node_modules/react-dom/cjs/react-dom.development.js:21687:12)
    at legacyRenderSubtreeIntoContainer (/home/mjl/Projects/riff/mattermost-webapp/node_modules/react-dom/cjs/react-dom.development.js:24962:5)
    at Object.render (/home/mjl/Projects/riff/mattermost-webapp/node_modules/react-dom/cjs/react-dom.development.js:25042:12)
    at getFiber (/home/mjl/Projects/riff/mattermost-webapp/node_modules/enzyme-adapter-react-16/build/detectFiberTags.js:49:25)
    at detectFiberTags (/home/mjl/Projects/riff/mattermost-webapp/node_modules/enzyme-adapter-react-16/build/detectFiberTags.js:101:17)
    at ReactSixteenAdapter.createMountRenderer (/home/mjl/Projects/riff/mattermost-webapp/node_modules/enzyme-adapter-react-16/build/ReactSixteenAdapter.js:290:56)
    at ReactSixteenAdapter.createRenderer (/home/mjl/Projects/riff/mattermost-webapp/node_modules/enzyme-adapter-react-16/build/ReactSixteenAdapter.js:497:25)
    at new ReactWrapper (/home/mjl/Projects/riff/mattermost-webapp/node_modules/enzyme/build/ReactWrapper.js:113:30)
    at mount (/home/mjl/Projects/riff/mattermost-webapp/node_modules/enzyme/build/mount.js:21:10)
    at Object.&lt;anonymous&gt; (/home/mjl/Projects/riff/mattermost-webapp/tests/plugins/mobile_channel_header_plug.test.jsx:96:25)
    at Object.asyncJestTest (/home/mjl/Projects/riff/mattermost-webapp/node_modules/jest-jasmine2/build/jasmine_async.js:108:37)
    at /home/mjl/Projects/riff/mattermost-webapp/node_modules/jest-jasmine2/build/queue_runner.js:56:12
    at new Promise (&lt;anonymous&gt;)
    at mapper (/home/mjl/Projects/riff/mattermost-webapp/node_modules/jest-jasmine2/build/queue_runner.js:43:19)
    at /home/mjl/Projects/riff/mattermost-webapp/node_modules/jest-jasmine2/build/queue_runner.js:87:41
    at processTicksAndRejections (internal/process/task_queues.js:93:5)</failure>
    </testcase>
    <testcase classname="plugins/MobileChannelHeaderPlug should call plugin.action on fireAction" name="plugins/MobileChannelHeaderPlug should call plugin.action on fireAction" time="0.001">
      <failure>TypeError: Cannot read property &apos;current&apos; of undefined
    at warnIfNotScopedWithMatchingAct (/home/mjl/Projects/riff/mattermost-webapp/node_modules/react-dom/cjs/react-dom.development.js:23264:59)
    at updateContainer (/home/mjl/Projects/riff/mattermost-webapp/node_modules/react-dom/cjs/react-dom.development.js:24431:7)
    at /home/mjl/Projects/riff/mattermost-webapp/node_modules/react-dom/cjs/react-dom.development.js:24963:7
    at unbatchedUpdates (/home/mjl/Projects/riff/mattermost-webapp/node_modules/react-dom/cjs/react-dom.development.js:21687:12)
    at legacyRenderSubtreeIntoContainer (/home/mjl/Projects/riff/mattermost-webapp/node_modules/react-dom/cjs/react-dom.development.js:24962:5)
    at Object.render (/home/mjl/Projects/riff/mattermost-webapp/node_modules/react-dom/cjs/react-dom.development.js:25042:12)
    at getFiber (/home/mjl/Projects/riff/mattermost-webapp/node_modules/enzyme-adapter-react-16/build/detectFiberTags.js:49:25)
    at detectFiberTags (/home/mjl/Projects/riff/mattermost-webapp/node_modules/enzyme-adapter-react-16/build/detectFiberTags.js:101:17)
    at ReactSixteenAdapter.createMountRenderer (/home/mjl/Projects/riff/mattermost-webapp/node_modules/enzyme-adapter-react-16/build/ReactSixteenAdapter.js:290:56)
    at ReactSixteenAdapter.createRenderer (/home/mjl/Projects/riff/mattermost-webapp/node_modules/enzyme-adapter-react-16/build/ReactSixteenAdapter.js:497:25)
    at new ReactWrapper (/home/mjl/Projects/riff/mattermost-webapp/node_modules/enzyme/build/ReactWrapper.js:113:30)
    at mount (/home/mjl/Projects/riff/mattermost-webapp/node_modules/enzyme/build/mount.js:21:10)
    at Object.&lt;anonymous&gt; (/home/mjl/Projects/riff/mattermost-webapp/tests/plugins/mobile_channel_header_plug.test.jsx:127:25)
    at Object.asyncJestTest (/home/mjl/Projects/riff/mattermost-webapp/node_modules/jest-jasmine2/build/jasmine_async.js:108:37)
    at /home/mjl/Projects/riff/mattermost-webapp/node_modules/jest-jasmine2/build/queue_runner.js:56:12
    at new Promise (&lt;anonymous&gt;)
    at mapper (/home/mjl/Projects/riff/mattermost-webapp/node_modules/jest-jasmine2/build/queue_runner.js:43:19)
    at /home/mjl/Projects/riff/mattermost-webapp/node_modules/jest-jasmine2/build/queue_runner.js:87:41
    at processTicksAndRejections (internal/process/task_queues.js:93:5)</failure>
    </testcase>
  </testsuite>
  <testsuite name="plugins/ChannelHeaderPlug" errors="0" failures="3" skipped="0" timestamp="2019-10-30T21:35:48" time="1.634" tests="3">
    <testcase classname="plugins/ChannelHeaderPlug should match snapshot with no extended component" name="plugins/ChannelHeaderPlug should match snapshot with no extended component" time="0.017">
      <failure>TypeError: Cannot read property &apos;current&apos; of undefined
    at warnIfNotScopedWithMatchingAct (/home/mjl/Projects/riff/mattermost-webapp/node_modules/react-dom/cjs/react-dom.development.js:23264:59)
    at updateContainer (/home/mjl/Projects/riff/mattermost-webapp/node_modules/react-dom/cjs/react-dom.development.js:24431:7)
    at /home/mjl/Projects/riff/mattermost-webapp/node_modules/react-dom/cjs/react-dom.development.js:24963:7
    at unbatchedUpdates (/home/mjl/Projects/riff/mattermost-webapp/node_modules/react-dom/cjs/react-dom.development.js:21687:12)
    at legacyRenderSubtreeIntoContainer (/home/mjl/Projects/riff/mattermost-webapp/node_modules/react-dom/cjs/react-dom.development.js:24962:5)
    at Object.render (/home/mjl/Projects/riff/mattermost-webapp/node_modules/react-dom/cjs/react-dom.development.js:25042:12)
    at getFiber (/home/mjl/Projects/riff/mattermost-webapp/node_modules/enzyme-adapter-react-16/build/detectFiberTags.js:49:25)
    at detectFiberTags (/home/mjl/Projects/riff/mattermost-webapp/node_modules/enzyme-adapter-react-16/build/detectFiberTags.js:101:17)
    at ReactSixteenAdapter.createMountRenderer (/home/mjl/Projects/riff/mattermost-webapp/node_modules/enzyme-adapter-react-16/build/ReactSixteenAdapter.js:290:56)
    at ReactSixteenAdapter.createRenderer (/home/mjl/Projects/riff/mattermost-webapp/node_modules/enzyme-adapter-react-16/build/ReactSixteenAdapter.js:497:25)
    at new ReactWrapper (/home/mjl/Projects/riff/mattermost-webapp/node_modules/enzyme/build/ReactWrapper.js:113:30)
    at mount (/home/mjl/Projects/riff/mattermost-webapp/node_modules/enzyme/build/mount.js:21:10)
    at Object.&lt;anonymous&gt; (/home/mjl/Projects/riff/mattermost-webapp/tests/plugins/channel_header_plug.test.jsx:19:25)
    at Object.asyncJestTest (/home/mjl/Projects/riff/mattermost-webapp/node_modules/jest-jasmine2/build/jasmine_async.js:108:37)
    at /home/mjl/Projects/riff/mattermost-webapp/node_modules/jest-jasmine2/build/queue_runner.js:56:12
    at new Promise (&lt;anonymous&gt;)
    at mapper (/home/mjl/Projects/riff/mattermost-webapp/node_modules/jest-jasmine2/build/queue_runner.js:43:19)
    at /home/mjl/Projects/riff/mattermost-webapp/node_modules/jest-jasmine2/build/queue_runner.js:87:41
    at processTicksAndRejections (internal/process/task_queues.js:93:5)</failure>
    </testcase>
    <testcase classname="plugins/ChannelHeaderPlug should match snapshot with one extended component" name="plugins/ChannelHeaderPlug should match snapshot with one extended component" time="0.001">
      <failure>TypeError: Cannot read property &apos;current&apos; of undefined
    at warnIfNotScopedWithMatchingAct (/home/mjl/Projects/riff/mattermost-webapp/node_modules/react-dom/cjs/react-dom.development.js:23264:59)
    at updateContainer (/home/mjl/Projects/riff/mattermost-webapp/node_modules/react-dom/cjs/react-dom.development.js:24431:7)
    at /home/mjl/Projects/riff/mattermost-webapp/node_modules/react-dom/cjs/react-dom.development.js:24963:7
    at unbatchedUpdates (/home/mjl/Projects/riff/mattermost-webapp/node_modules/react-dom/cjs/react-dom.development.js:21687:12)
    at legacyRenderSubtreeIntoContainer (/home/mjl/Projects/riff/mattermost-webapp/node_modules/react-dom/cjs/react-dom.development.js:24962:5)
    at Object.render (/home/mjl/Projects/riff/mattermost-webapp/node_modules/react-dom/cjs/react-dom.development.js:25042:12)
    at getFiber (/home/mjl/Projects/riff/mattermost-webapp/node_modules/enzyme-adapter-react-16/build/detectFiberTags.js:49:25)
    at detectFiberTags (/home/mjl/Projects/riff/mattermost-webapp/node_modules/enzyme-adapter-react-16/build/detectFiberTags.js:101:17)
    at ReactSixteenAdapter.createMountRenderer (/home/mjl/Projects/riff/mattermost-webapp/node_modules/enzyme-adapter-react-16/build/ReactSixteenAdapter.js:290:56)
    at ReactSixteenAdapter.createRenderer (/home/mjl/Projects/riff/mattermost-webapp/node_modules/enzyme-adapter-react-16/build/ReactSixteenAdapter.js:497:25)
    at new ReactWrapper (/home/mjl/Projects/riff/mattermost-webapp/node_modules/enzyme/build/ReactWrapper.js:113:30)
    at mount (/home/mjl/Projects/riff/mattermost-webapp/node_modules/enzyme/build/mount.js:21:10)
    at Object.&lt;anonymous&gt; (/home/mjl/Projects/riff/mattermost-webapp/tests/plugins/channel_header_plug.test.jsx:31:25)
    at Object.asyncJestTest (/home/mjl/Projects/riff/mattermost-webapp/node_modules/jest-jasmine2/build/jasmine_async.js:108:37)
    at /home/mjl/Projects/riff/mattermost-webapp/node_modules/jest-jasmine2/build/queue_runner.js:56:12
    at new Promise (&lt;anonymous&gt;)
    at mapper (/home/mjl/Projects/riff/mattermost-webapp/node_modules/jest-jasmine2/build/queue_runner.js:43:19)
    at /home/mjl/Projects/riff/mattermost-webapp/node_modules/jest-jasmine2/build/queue_runner.js:87:41
    at processTicksAndRejections (internal/process/task_queues.js:93:5)</failure>
    </testcase>
    <testcase classname="plugins/ChannelHeaderPlug should match snapshot with two extended components" name="plugins/ChannelHeaderPlug should match snapshot with two extended components" time="0.001">
      <failure>TypeError: Cannot read property &apos;current&apos; of undefined
    at warnIfNotScopedWithMatchingAct (/home/mjl/Projects/riff/mattermost-webapp/node_modules/react-dom/cjs/react-dom.development.js:23264:59)
    at updateContainer (/home/mjl/Projects/riff/mattermost-webapp/node_modules/react-dom/cjs/react-dom.development.js:24431:7)
    at /home/mjl/Projects/riff/mattermost-webapp/node_modules/react-dom/cjs/react-dom.development.js:24963:7
    at unbatchedUpdates (/home/mjl/Projects/riff/mattermost-webapp/node_modules/react-dom/cjs/react-dom.development.js:21687:12)
    at legacyRenderSubtreeIntoContainer (/home/mjl/Projects/riff/mattermost-webapp/node_modules/react-dom/cjs/react-dom.development.js:24962:5)
    at Object.render (/home/mjl/Projects/riff/mattermost-webapp/node_modules/react-dom/cjs/react-dom.development.js:25042:12)
    at getFiber (/home/mjl/Projects/riff/mattermost-webapp/node_modules/enzyme-adapter-react-16/build/detectFiberTags.js:49:25)
    at detectFiberTags (/home/mjl/Projects/riff/mattermost-webapp/node_modules/enzyme-adapter-react-16/build/detectFiberTags.js:101:17)
    at ReactSixteenAdapter.createMountRenderer (/home/mjl/Projects/riff/mattermost-webapp/node_modules/enzyme-adapter-react-16/build/ReactSixteenAdapter.js:290:56)
    at ReactSixteenAdapter.createRenderer (/home/mjl/Projects/riff/mattermost-webapp/node_modules/enzyme-adapter-react-16/build/ReactSixteenAdapter.js:497:25)
    at new ReactWrapper (/home/mjl/Projects/riff/mattermost-webapp/node_modules/enzyme/build/ReactWrapper.js:113:30)
    at mount (/home/mjl/Projects/riff/mattermost-webapp/node_modules/enzyme/build/mount.js:21:10)
    at Object.&lt;anonymous&gt; (/home/mjl/Projects/riff/mattermost-webapp/tests/plugins/channel_header_plug.test.jsx:43:25)
    at Object.asyncJestTest (/home/mjl/Projects/riff/mattermost-webapp/node_modules/jest-jasmine2/build/jasmine_async.js:108:37)
    at /home/mjl/Projects/riff/mattermost-webapp/node_modules/jest-jasmine2/build/queue_runner.js:56:12
    at new Promise (&lt;anonymous&gt;)
    at mapper (/home/mjl/Projects/riff/mattermost-webapp/node_modules/jest-jasmine2/build/queue_runner.js:43:19)
    at /home/mjl/Projects/riff/mattermost-webapp/node_modules/jest-jasmine2/build/queue_runner.js:87:41
    at processTicksAndRejections (internal/process/task_queues.js:93:5)</failure>
    </testcase>
  </testsuite>
  <testsuite name="Utils.getDisplayNameByUser" errors="0" failures="0" skipped="0" timestamp="2019-10-30T21:35:48" time="2.862" tests="18">
    <testcase classname="Utils.getDisplayNameByUser Show display name of user with TeammateNameDisplay set to username" name="Utils.getDisplayNameByUser Show display name of user with TeammateNameDisplay set to username" time="0.012">
    </testcase>
    <testcase classname="Utils.getDisplayNameByUser Show display name of user with TeammateNameDisplay set to nickname_full_name" name="Utils.getDisplayNameByUser Show display name of user with TeammateNameDisplay set to nickname_full_name" time="0.029">
    </testcase>
    <testcase classname="Utils.getDisplayNameByUser Show display name of user with TeammateNameDisplay set to username" name="Utils.getDisplayNameByUser Show display name of user with TeammateNameDisplay set to username" time="0.013">
    </testcase>
    <testcase classname="Utils.sortUsersByStatusAndDisplayName Users sort by status and displayname, TeammateNameDisplay set to username" name="Utils.sortUsersByStatusAndDisplayName Users sort by status and displayname, TeammateNameDisplay set to username" time="0.011">
    </testcase>
    <testcase classname="Utils.sortUsersByStatusAndDisplayName Users sort by status and displayname, TeammateNameDisplay set to nickname_full_name" name="Utils.sortUsersByStatusAndDisplayName Users sort by status and displayname, TeammateNameDisplay set to nickname_full_name" time="0.005">
    </testcase>
    <testcase classname="Utils.sortUsersByStatusAndDisplayName Users sort by status and displayname, TeammateNameDisplay set to full_name" name="Utils.sortUsersByStatusAndDisplayName Users sort by status and displayname, TeammateNameDisplay set to full_name" time="0.004">
    </testcase>
    <testcase classname="Utils.isValidPassword Minimum length enforced" name="Utils.isValidPassword Minimum length enforced" time="0.001">
    </testcase>
    <testcase classname="Utils.isValidPassword Require lowercase enforced" name="Utils.isValidPassword Require lowercase enforced" time="0">
    </testcase>
    <testcase classname="Utils.isValidPassword Require uppercase enforced" name="Utils.isValidPassword Require uppercase enforced" time="0">
    </testcase>
    <testcase classname="Utils.isValidPassword Require number enforced" name="Utils.isValidPassword Require number enforced" time="0.001">
    </testcase>
    <testcase classname="Utils.isValidPassword Require symbol enforced" name="Utils.isValidPassword Require symbol enforced" time="0">
    </testcase>
    <testcase classname="Utils.isKeyPressed Key match is used over keyCode if it exists" name="Utils.isKeyPressed Key match is used over keyCode if it exists" time="0.001">
    </testcase>
    <testcase classname="Utils.isKeyPressed Key match works for both uppercase and lower case" name="Utils.isKeyPressed Key match works for both uppercase and lower case" time="0.001">
    </testcase>
    <testcase classname="Utils.isKeyPressed KeyCode is used for dead letter keys" name="Utils.isKeyPressed KeyCode is used for dead letter keys" time="0.001">
    </testcase>
    <testcase classname="Utils.isKeyPressed KeyCode is used for unidentified keys" name="Utils.isKeyPressed KeyCode is used for unidentified keys" time="0.001">
    </testcase>
    <testcase classname="Utils.isKeyPressed KeyCode is used for undefined keys" name="Utils.isKeyPressed KeyCode is used for undefined keys" time="0.001">
    </testcase>
    <testcase classname="Utils.isKeyPressed keyCode is used for determining if it exists" name="Utils.isKeyPressed keyCode is used for determining if it exists" time="0">
    </testcase>
    <testcase classname="Utils.isKeyPressed key should be tested as fallback for different layout of english keyboards" name="Utils.isKeyPressed key should be tested as fallback for different layout of english keyboards" time="0.001">
    </testcase>
  </testsuite>
  <testsuite name="plugins/PostMessageView" errors="0" failures="1" skipped="0" timestamp="2019-10-30T21:35:48" time="2.94" tests="2">
    <testcase classname="plugins/PostMessageView should match snapshot with extended post type" name="plugins/PostMessageView should match snapshot with extended post type" time="0.022">
      <failure>TypeError: Cannot read property &apos;current&apos; of undefined
    at warnIfNotScopedWithMatchingAct (/home/mjl/Projects/riff/mattermost-webapp/node_modules/react-dom/cjs/react-dom.development.js:23264:59)
    at updateContainer (/home/mjl/Projects/riff/mattermost-webapp/node_modules/react-dom/cjs/react-dom.development.js:24431:7)
    at /home/mjl/Projects/riff/mattermost-webapp/node_modules/react-dom/cjs/react-dom.development.js:24963:7
    at unbatchedUpdates (/home/mjl/Projects/riff/mattermost-webapp/node_modules/react-dom/cjs/react-dom.development.js:21687:12)
    at legacyRenderSubtreeIntoContainer (/home/mjl/Projects/riff/mattermost-webapp/node_modules/react-dom/cjs/react-dom.development.js:24962:5)
    at Object.render (/home/mjl/Projects/riff/mattermost-webapp/node_modules/react-dom/cjs/react-dom.development.js:25042:12)
    at getFiber (/home/mjl/Projects/riff/mattermost-webapp/node_modules/enzyme-adapter-react-16/build/detectFiberTags.js:49:25)
    at detectFiberTags (/home/mjl/Projects/riff/mattermost-webapp/node_modules/enzyme-adapter-react-16/build/detectFiberTags.js:101:17)
    at ReactSixteenAdapter.createMountRenderer (/home/mjl/Projects/riff/mattermost-webapp/node_modules/enzyme-adapter-react-16/build/ReactSixteenAdapter.js:290:56)
    at ReactSixteenAdapter.createRenderer (/home/mjl/Projects/riff/mattermost-webapp/node_modules/enzyme-adapter-react-16/build/ReactSixteenAdapter.js:497:25)
    at new ReactWrapper (/home/mjl/Projects/riff/mattermost-webapp/node_modules/enzyme/build/ReactWrapper.js:113:30)
    at mount (/home/mjl/Projects/riff/mattermost-webapp/node_modules/enzyme/build/mount.js:21:10)
    at Object.&lt;anonymous&gt; (/home/mjl/Projects/riff/mattermost-webapp/tests/plugins/post_type.test.jsx:32:25)
    at Object.asyncJestTest (/home/mjl/Projects/riff/mattermost-webapp/node_modules/jest-jasmine2/build/jasmine_async.js:108:37)
    at /home/mjl/Projects/riff/mattermost-webapp/node_modules/jest-jasmine2/build/queue_runner.js:56:12
    at new Promise (&lt;anonymous&gt;)
    at mapper (/home/mjl/Projects/riff/mattermost-webapp/node_modules/jest-jasmine2/build/queue_runner.js:43:19)
    at /home/mjl/Projects/riff/mattermost-webapp/node_modules/jest-jasmine2/build/queue_runner.js:87:41
    at processTicksAndRejections (internal/process/task_queues.js:93:5)</failure>
    </testcase>
    <testcase classname="plugins/PostMessageView should match snapshot with no extended post type" name="plugins/PostMessageView should match snapshot with no extended post type" time="0.01">
    </testcase>
  </testsuite>
  <testsuite name="utils/riff/recommendations/index" errors="0" failures="0" skipped="0" timestamp="2019-10-30T21:35:48" time="2.898" tests="11">
    <testcase classname="utils/riff/recommendations/index getGroupChannel should handle empty learningGroup being empty" name="utils/riff/recommendations/index getGroupChannel should handle empty learningGroup being empty" time="0.005">
    </testcase>
    <testcase classname="utils/riff/recommendations/index getGroupChannel should return the requested learningGroup object based on prefix" name="utils/riff/recommendations/index getGroupChannel should return the requested learningGroup object based on prefix" time="0.001">
    </testcase>
    <testcase classname="utils/riff/recommendations/index getGroupChannel should return an accurate array of teammateIds" name="utils/riff/recommendations/index getGroupChannel should return an accurate array of teammateIds" time="0.002">
    </testcase>
    <testcase classname="utils/riff/recommendations/index getRecommendations should display the recommendations for week 0 in that week" name="utils/riff/recommendations/index getRecommendations should display the recommendations for week 0 in that week" time="0.002">
    </testcase>
    <testcase classname="utils/riff/recommendations/index getRecommendations should display the recommendations for week 1 in that week" name="utils/riff/recommendations/index getRecommendations should display the recommendations for week 1 in that week" time="0.001">
    </testcase>
    <testcase classname="utils/riff/recommendations/index getRecommendations should display the recommendations for week 2 in that week" name="utils/riff/recommendations/index getRecommendations should display the recommendations for week 2 in that week" time="0.002">
    </testcase>
    <testcase classname="utils/riff/recommendations/index getRecommendations should display the recommendations for week 3 in that week" name="utils/riff/recommendations/index getRecommendations should display the recommendations for week 3 in that week" time="0.001">
    </testcase>
    <testcase classname="utils/riff/recommendations/index getRecommendations should display the recommendations for week 4 in that week" name="utils/riff/recommendations/index getRecommendations should display the recommendations for week 4 in that week" time="0.008">
    </testcase>
    <testcase classname="utils/riff/recommendations/index getRecommendations should display the recommendations for week 5 in that week" name="utils/riff/recommendations/index getRecommendations should display the recommendations for week 5 in that week" time="0.001">
    </testcase>
    <testcase classname="utils/riff/recommendations/index getRecommendations should display the recommendations for week 6 in that week" name="utils/riff/recommendations/index getRecommendations should display the recommendations for week 6 in that week" time="0.001">
    </testcase>
    <testcase classname="utils/riff/recommendations/index getRecommendations should display the recommendations for week 7 in that week" name="utils/riff/recommendations/index getRecommendations should display the recommendations for week 7 in that week" time="0.001">
    </testcase>
  </testsuite>
  <testsuite name="plugins/Pluggable" errors="0" failures="5" skipped="0" timestamp="2019-10-30T21:35:48" time="2.999" tests="7">
    <testcase classname="plugins/Pluggable should match snapshot with no extended component" name="plugins/Pluggable should match snapshot with no extended component" time="0.026">
      <failure>TypeError: Cannot read property &apos;current&apos; of undefined
    at warnIfNotScopedWithMatchingAct (/home/mjl/Projects/riff/mattermost-webapp/node_modules/react-dom/cjs/react-dom.development.js:23264:59)
    at updateContainer (/home/mjl/Projects/riff/mattermost-webapp/node_modules/react-dom/cjs/react-dom.development.js:24431:7)
    at /home/mjl/Projects/riff/mattermost-webapp/node_modules/react-dom/cjs/react-dom.development.js:24963:7
    at unbatchedUpdates (/home/mjl/Projects/riff/mattermost-webapp/node_modules/react-dom/cjs/react-dom.development.js:21687:12)
    at legacyRenderSubtreeIntoContainer (/home/mjl/Projects/riff/mattermost-webapp/node_modules/react-dom/cjs/react-dom.development.js:24962:5)
    at Object.render (/home/mjl/Projects/riff/mattermost-webapp/node_modules/react-dom/cjs/react-dom.development.js:25042:12)
    at getFiber (/home/mjl/Projects/riff/mattermost-webapp/node_modules/enzyme-adapter-react-16/build/detectFiberTags.js:49:25)
    at detectFiberTags (/home/mjl/Projects/riff/mattermost-webapp/node_modules/enzyme-adapter-react-16/build/detectFiberTags.js:101:17)
    at ReactSixteenAdapter.createMountRenderer (/home/mjl/Projects/riff/mattermost-webapp/node_modules/enzyme-adapter-react-16/build/ReactSixteenAdapter.js:290:56)
    at ReactSixteenAdapter.createRenderer (/home/mjl/Projects/riff/mattermost-webapp/node_modules/enzyme-adapter-react-16/build/ReactSixteenAdapter.js:497:25)
    at new ReactWrapper (/home/mjl/Projects/riff/mattermost-webapp/node_modules/enzyme/build/ReactWrapper.js:113:30)
    at mount (/home/mjl/Projects/riff/mattermost-webapp/node_modules/enzyme/build/mount.js:21:10)
    at mountWithIntl (/home/mjl/Projects/riff/mattermost-webapp/tests/helpers/intl-test-helper.jsx:18:12)
    at Object.&lt;anonymous&gt; (/home/mjl/Projects/riff/mattermost-webapp/tests/plugins/pluggable.test.jsx:40:25)
    at Object.asyncJestTest (/home/mjl/Projects/riff/mattermost-webapp/node_modules/jest-jasmine2/build/jasmine_async.js:108:37)
    at /home/mjl/Projects/riff/mattermost-webapp/node_modules/jest-jasmine2/build/queue_runner.js:56:12
    at new Promise (&lt;anonymous&gt;)
    at mapper (/home/mjl/Projects/riff/mattermost-webapp/node_modules/jest-jasmine2/build/queue_runner.js:43:19)
    at /home/mjl/Projects/riff/mattermost-webapp/node_modules/jest-jasmine2/build/queue_runner.js:87:41
    at processTicksAndRejections (internal/process/task_queues.js:93:5)</failure>
    </testcase>
    <testcase classname="plugins/Pluggable should match snapshot with extended component" name="plugins/Pluggable should match snapshot with extended component" time="0.002">
      <failure>TypeError: Cannot read property &apos;current&apos; of undefined
    at warnIfNotScopedWithMatchingAct (/home/mjl/Projects/riff/mattermost-webapp/node_modules/react-dom/cjs/react-dom.development.js:23264:59)
    at updateContainer (/home/mjl/Projects/riff/mattermost-webapp/node_modules/react-dom/cjs/react-dom.development.js:24431:7)
    at /home/mjl/Projects/riff/mattermost-webapp/node_modules/react-dom/cjs/react-dom.development.js:24963:7
    at unbatchedUpdates (/home/mjl/Projects/riff/mattermost-webapp/node_modules/react-dom/cjs/react-dom.development.js:21687:12)
    at legacyRenderSubtreeIntoContainer (/home/mjl/Projects/riff/mattermost-webapp/node_modules/react-dom/cjs/react-dom.development.js:24962:5)
    at Object.render (/home/mjl/Projects/riff/mattermost-webapp/node_modules/react-dom/cjs/react-dom.development.js:25042:12)
    at getFiber (/home/mjl/Projects/riff/mattermost-webapp/node_modules/enzyme-adapter-react-16/build/detectFiberTags.js:49:25)
    at detectFiberTags (/home/mjl/Projects/riff/mattermost-webapp/node_modules/enzyme-adapter-react-16/build/detectFiberTags.js:101:17)
    at ReactSixteenAdapter.createMountRenderer (/home/mjl/Projects/riff/mattermost-webapp/node_modules/enzyme-adapter-react-16/build/ReactSixteenAdapter.js:290:56)
    at ReactSixteenAdapter.createRenderer (/home/mjl/Projects/riff/mattermost-webapp/node_modules/enzyme-adapter-react-16/build/ReactSixteenAdapter.js:497:25)
    at new ReactWrapper (/home/mjl/Projects/riff/mattermost-webapp/node_modules/enzyme/build/ReactWrapper.js:113:30)
    at mount (/home/mjl/Projects/riff/mattermost-webapp/node_modules/enzyme/build/mount.js:21:10)
    at Object.&lt;anonymous&gt; (/home/mjl/Projects/riff/mattermost-webapp/tests/plugins/pluggable.test.jsx:52:25)
    at Object.asyncJestTest (/home/mjl/Projects/riff/mattermost-webapp/node_modules/jest-jasmine2/build/jasmine_async.js:108:37)
    at /home/mjl/Projects/riff/mattermost-webapp/node_modules/jest-jasmine2/build/queue_runner.js:56:12
    at new Promise (&lt;anonymous&gt;)
    at mapper (/home/mjl/Projects/riff/mattermost-webapp/node_modules/jest-jasmine2/build/queue_runner.js:43:19)
    at /home/mjl/Projects/riff/mattermost-webapp/node_modules/jest-jasmine2/build/queue_runner.js:87:41
    at processTicksAndRejections (internal/process/task_queues.js:93:5)</failure>
    </testcase>
    <testcase classname="plugins/Pluggable should match snapshot with extended component with pluggableName" name="plugins/Pluggable should match snapshot with extended component with pluggableName" time="0.002">
      <failure>TypeError: Cannot read property &apos;current&apos; of undefined
    at warnIfNotScopedWithMatchingAct (/home/mjl/Projects/riff/mattermost-webapp/node_modules/react-dom/cjs/react-dom.development.js:23264:59)
    at updateContainer (/home/mjl/Projects/riff/mattermost-webapp/node_modules/react-dom/cjs/react-dom.development.js:24431:7)
    at /home/mjl/Projects/riff/mattermost-webapp/node_modules/react-dom/cjs/react-dom.development.js:24963:7
    at unbatchedUpdates (/home/mjl/Projects/riff/mattermost-webapp/node_modules/react-dom/cjs/react-dom.development.js:21687:12)
    at legacyRenderSubtreeIntoContainer (/home/mjl/Projects/riff/mattermost-webapp/node_modules/react-dom/cjs/react-dom.development.js:24962:5)
    at Object.render (/home/mjl/Projects/riff/mattermost-webapp/node_modules/react-dom/cjs/react-dom.development.js:25042:12)
    at getFiber (/home/mjl/Projects/riff/mattermost-webapp/node_modules/enzyme-adapter-react-16/build/detectFiberTags.js:49:25)
    at detectFiberTags (/home/mjl/Projects/riff/mattermost-webapp/node_modules/enzyme-adapter-react-16/build/detectFiberTags.js:101:17)
    at ReactSixteenAdapter.createMountRenderer (/home/mjl/Projects/riff/mattermost-webapp/node_modules/enzyme-adapter-react-16/build/ReactSixteenAdapter.js:290:56)
    at ReactSixteenAdapter.createRenderer (/home/mjl/Projects/riff/mattermost-webapp/node_modules/enzyme-adapter-react-16/build/ReactSixteenAdapter.js:497:25)
    at new ReactWrapper (/home/mjl/Projects/riff/mattermost-webapp/node_modules/enzyme/build/ReactWrapper.js:113:30)
    at mount (/home/mjl/Projects/riff/mattermost-webapp/node_modules/enzyme/build/mount.js:21:10)
    at mountWithIntl (/home/mjl/Projects/riff/mattermost-webapp/tests/helpers/intl-test-helper.jsx:18:12)
    at Object.&lt;anonymous&gt; (/home/mjl/Projects/riff/mattermost-webapp/tests/plugins/pluggable.test.jsx:67:25)
    at Object.asyncJestTest (/home/mjl/Projects/riff/mattermost-webapp/node_modules/jest-jasmine2/build/jasmine_async.js:108:37)
    at /home/mjl/Projects/riff/mattermost-webapp/node_modules/jest-jasmine2/build/queue_runner.js:56:12
    at new Promise (&lt;anonymous&gt;)
    at mapper (/home/mjl/Projects/riff/mattermost-webapp/node_modules/jest-jasmine2/build/queue_runner.js:43:19)
    at /home/mjl/Projects/riff/mattermost-webapp/node_modules/jest-jasmine2/build/queue_runner.js:87:41
    at processTicksAndRejections (internal/process/task_queues.js:93:5)</failure>
    </testcase>
    <testcase classname="plugins/Pluggable should return null if neither pluggableName nor children is is defined in props" name="plugins/Pluggable should return null if neither pluggableName nor children is is defined in props" time="0.004">
    </testcase>
    <testcase classname="plugins/Pluggable should return null if with pluggableName but no children" name="plugins/Pluggable should return null if with pluggableName but no children" time="0.001">
    </testcase>
    <testcase classname="plugins/Pluggable should match snapshot with no overridden component" name="plugins/Pluggable should match snapshot with no overridden component" time="0.001">
      <failure>TypeError: Cannot read property &apos;current&apos; of undefined
    at warnIfNotScopedWithMatchingAct (/home/mjl/Projects/riff/mattermost-webapp/node_modules/react-dom/cjs/react-dom.development.js:23264:59)
    at updateContainer (/home/mjl/Projects/riff/mattermost-webapp/node_modules/react-dom/cjs/react-dom.development.js:24431:7)
    at /home/mjl/Projects/riff/mattermost-webapp/node_modules/react-dom/cjs/react-dom.development.js:24963:7
    at unbatchedUpdates (/home/mjl/Projects/riff/mattermost-webapp/node_modules/react-dom/cjs/react-dom.development.js:21687:12)
    at legacyRenderSubtreeIntoContainer (/home/mjl/Projects/riff/mattermost-webapp/node_modules/react-dom/cjs/react-dom.development.js:24962:5)
    at Object.render (/home/mjl/Projects/riff/mattermost-webapp/node_modules/react-dom/cjs/react-dom.development.js:25042:12)
    at getFiber (/home/mjl/Projects/riff/mattermost-webapp/node_modules/enzyme-adapter-react-16/build/detectFiberTags.js:49:25)
    at detectFiberTags (/home/mjl/Projects/riff/mattermost-webapp/node_modules/enzyme-adapter-react-16/build/detectFiberTags.js:101:17)
    at ReactSixteenAdapter.createMountRenderer (/home/mjl/Projects/riff/mattermost-webapp/node_modules/enzyme-adapter-react-16/build/ReactSixteenAdapter.js:290:56)
    at ReactSixteenAdapter.createRenderer (/home/mjl/Projects/riff/mattermost-webapp/node_modules/enzyme-adapter-react-16/build/ReactSixteenAdapter.js:497:25)
    at new ReactWrapper (/home/mjl/Projects/riff/mattermost-webapp/node_modules/enzyme/build/ReactWrapper.js:113:30)
    at mount (/home/mjl/Projects/riff/mattermost-webapp/node_modules/enzyme/build/mount.js:21:10)
    at mountWithIntl (/home/mjl/Projects/riff/mattermost-webapp/tests/helpers/intl-test-helper.jsx:18:12)
    at Object.&lt;anonymous&gt; (/home/mjl/Projects/riff/mattermost-webapp/tests/plugins/pluggable.test.jsx:103:25)
    at Object.asyncJestTest (/home/mjl/Projects/riff/mattermost-webapp/node_modules/jest-jasmine2/build/jasmine_async.js:108:37)
    at /home/mjl/Projects/riff/mattermost-webapp/node_modules/jest-jasmine2/build/queue_runner.js:56:12
    at new Promise (&lt;anonymous&gt;)
    at mapper (/home/mjl/Projects/riff/mattermost-webapp/node_modules/jest-jasmine2/build/queue_runner.js:43:19)
    at /home/mjl/Projects/riff/mattermost-webapp/node_modules/jest-jasmine2/build/queue_runner.js:87:41
    at processTicksAndRejections (internal/process/task_queues.js:93:5)</failure>
    </testcase>
    <testcase classname="plugins/Pluggable should match snapshot with overridden component" name="plugins/Pluggable should match snapshot with overridden component" time="0.001">
      <failure>TypeError: Cannot read property &apos;current&apos; of undefined
    at warnIfNotScopedWithMatchingAct (/home/mjl/Projects/riff/mattermost-webapp/node_modules/react-dom/cjs/react-dom.development.js:23264:59)
    at updateContainer (/home/mjl/Projects/riff/mattermost-webapp/node_modules/react-dom/cjs/react-dom.development.js:24431:7)
    at /home/mjl/Projects/riff/mattermost-webapp/node_modules/react-dom/cjs/react-dom.development.js:24963:7
    at unbatchedUpdates (/home/mjl/Projects/riff/mattermost-webapp/node_modules/react-dom/cjs/react-dom.development.js:21687:12)
    at legacyRenderSubtreeIntoContainer (/home/mjl/Projects/riff/mattermost-webapp/node_modules/react-dom/cjs/react-dom.development.js:24962:5)
    at Object.render (/home/mjl/Projects/riff/mattermost-webapp/node_modules/react-dom/cjs/react-dom.development.js:25042:12)
    at getFiber (/home/mjl/Projects/riff/mattermost-webapp/node_modules/enzyme-adapter-react-16/build/detectFiberTags.js:49:25)
    at detectFiberTags (/home/mjl/Projects/riff/mattermost-webapp/node_modules/enzyme-adapter-react-16/build/detectFiberTags.js:101:17)
    at ReactSixteenAdapter.createMountRenderer (/home/mjl/Projects/riff/mattermost-webapp/node_modules/enzyme-adapter-react-16/build/ReactSixteenAdapter.js:290:56)
    at ReactSixteenAdapter.createRenderer (/home/mjl/Projects/riff/mattermost-webapp/node_modules/enzyme-adapter-react-16/build/ReactSixteenAdapter.js:497:25)
    at new ReactWrapper (/home/mjl/Projects/riff/mattermost-webapp/node_modules/enzyme/build/ReactWrapper.js:113:30)
    at mount (/home/mjl/Projects/riff/mattermost-webapp/node_modules/enzyme/build/mount.js:21:10)
    at Object.&lt;anonymous&gt; (/home/mjl/Projects/riff/mattermost-webapp/tests/plugins/pluggable.test.jsx:120:25)
    at Object.asyncJestTest (/home/mjl/Projects/riff/mattermost-webapp/node_modules/jest-jasmine2/build/jasmine_async.js:108:37)
    at /home/mjl/Projects/riff/mattermost-webapp/node_modules/jest-jasmine2/build/queue_runner.js:56:12
    at new Promise (&lt;anonymous&gt;)
    at mapper (/home/mjl/Projects/riff/mattermost-webapp/node_modules/jest-jasmine2/build/queue_runner.js:43:19)
    at /home/mjl/Projects/riff/mattermost-webapp/node_modules/jest-jasmine2/build/queue_runner.js:87:41
    at processTicksAndRejections (internal/process/task_queues.js:93:5)</failure>
    </testcase>
  </testsuite>
  <testsuite name="rhs view actions" errors="0" failures="0" skipped="0" timestamp="2019-10-30T21:35:49" time="2.111" tests="16">
    <testcase classname="rhs view actions updateRhsState it dispatches UPDATE_RHS_STATE correctly" name="rhs view actions updateRhsState it dispatches UPDATE_RHS_STATE correctly" time="0.013">
    </testcase>
    <testcase classname="rhs view actions selectPostFromRightHandSideSearch it dispatches PostActions.getPostThread correctly" name="rhs view actions selectPostFromRightHandSideSearch it dispatches PostActions.getPostThread correctly" time="0.001">
    </testcase>
    <testcase classname="rhs view actions selectPostFromRightHandSideSearch it dispatches SELECT_POST correctly" name="rhs view actions selectPostFromRightHandSideSearch it dispatches SELECT_POST correctly" time="0.001">
    </testcase>
    <testcase classname="rhs view actions updateSearchTerms it dispatches UPDATE_RHS_SEARCH_TERMS correctly" name="rhs view actions updateSearchTerms it dispatches UPDATE_RHS_SEARCH_TERMS correctly" time="0.006">
    </testcase>
    <testcase classname="rhs view actions performSearch it dispatches searchPosts correctly" name="rhs view actions performSearch it dispatches searchPosts correctly" time="0.005">
    </testcase>
    <testcase classname="rhs view actions showSearchResults it dispatches the right actions" name="rhs view actions showSearchResults it dispatches the right actions" time="0.001">
    </testcase>
    <testcase classname="rhs view actions getFlaggedPosts it dispatches the right actions" name="rhs view actions getFlaggedPosts it dispatches the right actions" time="0.003">
    </testcase>
    <testcase classname="rhs view actions showFlaggedPosts it dispatches the right actions" name="rhs view actions showFlaggedPosts it dispatches the right actions" time="0.002">
    </testcase>
    <testcase classname="rhs view actions getPinnedPosts it dispatches the right actions" name="rhs view actions getPinnedPosts it dispatches the right actions" time="0.002">
    </testcase>
    <testcase classname="rhs view actions showPinnedPosts it dispatches the right actions" name="rhs view actions showPinnedPosts it dispatches the right actions" time="0.003">
    </testcase>
    <testcase classname="rhs view actions showMentions it dispatches the right actions" name="rhs view actions showMentions it dispatches the right actions" time="0.001">
    </testcase>
    <testcase classname="rhs view actions showMentions it calls trackEvent correctly" name="rhs view actions showMentions it calls trackEvent correctly" time="0.002">
    </testcase>
    <testcase classname="rhs view actions closeRightHandSide it dispatches the right actions" name="rhs view actions closeRightHandSide it dispatches the right actions" time="0.001">
    </testcase>
    <testcase classname="rhs view actions toggleMenu dispatches the right action" name="rhs view actions toggleMenu dispatches the right action" time="0.001">
    </testcase>
    <testcase classname="rhs view actions openMenu dispatches the right action" name="rhs view actions openMenu dispatches the right action" time="0">
    </testcase>
    <testcase classname="rhs view actions closeMenu dispatches the right action" name="rhs view actions closeMenu dispatches the right action" time="0.001">
    </testcase>
  </testsuite>
  <testsuite name="PostUtils.containsAtChannel" errors="0" failures="0" skipped="0" timestamp="2019-10-30T21:35:50" time="1.766" tests="51">
    <testcase classname="PostUtils.containsAtChannel should return correct @all (same for @channel)" name="PostUtils.containsAtChannel should return correct @all (same for @channel)" time="0.011">
    </testcase>
    <testcase classname="PostUtils.shouldFocusMainTextbox basic cases" name="PostUtils.shouldFocusMainTextbox basic cases" time="0.001">
    </testcase>
    <testcase classname="PostUtils.postMessageOnKeyPress null/empty: Test for null event" name="PostUtils.postMessageOnKeyPress null/empty: Test for null event" time="0.003">
    </testcase>
    <testcase classname="PostUtils.postMessageOnKeyPress null/empty: Test for empty message" name="PostUtils.postMessageOnKeyPress null/empty: Test for empty message" time="0.001">
    </testcase>
    <testcase classname="PostUtils.postMessageOnKeyPress null/empty: Test for shiftKey event" name="PostUtils.postMessageOnKeyPress null/empty: Test for shiftKey event" time="0">
    </testcase>
    <testcase classname="PostUtils.postMessageOnKeyPress null/empty: Test for altKey event" name="PostUtils.postMessageOnKeyPress null/empty: Test for altKey event" time="0.001">
    </testcase>
    <testcase classname="PostUtils.postMessageOnKeyPress no override: Test no override setting" name="PostUtils.postMessageOnKeyPress no override: Test no override setting" time="0">
    </testcase>
    <testcase classname="PostUtils.postMessageOnKeyPress no override: empty message" name="PostUtils.postMessageOnKeyPress no override: empty message" time="0.001">
    </testcase>
    <testcase classname="PostUtils.postMessageOnKeyPress no override: empty message on ctrl + enter" name="PostUtils.postMessageOnKeyPress no override: empty message on ctrl + enter" time="0">
    </testcase>
    <testcase classname="PostUtils.postMessageOnKeyPress sendMessageOnCtrlEnter: Test for overriding sending of message on CTRL+ENTER, no ctrlKey|metaKey" name="PostUtils.postMessageOnKeyPress sendMessageOnCtrlEnter: Test for overriding sending of message on CTRL+ENTER, no ctrlKey|metaKey" time="0.001">
    </testcase>
    <testcase classname="PostUtils.postMessageOnKeyPress sendMessageOnCtrlEnter: Test for overriding sending of message on CTRL+ENTER, no ctrlKey|metaKey, with opening backticks" name="PostUtils.postMessageOnKeyPress sendMessageOnCtrlEnter: Test for overriding sending of message on CTRL+ENTER, no ctrlKey|metaKey, with opening backticks" time="0">
    </testcase>
    <testcase classname="PostUtils.postMessageOnKeyPress sendMessageOnCtrlEnter: Test for overriding sending of message on CTRL+ENTER, no ctrlKey|metaKey, with opening backticks" name="PostUtils.postMessageOnKeyPress sendMessageOnCtrlEnter: Test for overriding sending of message on CTRL+ENTER, no ctrlKey|metaKey, with opening backticks" time="0.001">
    </testcase>
    <testcase classname="PostUtils.postMessageOnKeyPress sendMessageOnCtrlEnter: Test for overriding sending of message on CTRL+ENTER, no ctrlKey|metaKey, with opening backticks" name="PostUtils.postMessageOnKeyPress sendMessageOnCtrlEnter: Test for overriding sending of message on CTRL+ENTER, no ctrlKey|metaKey, with opening backticks" time="0">
    </testcase>
    <testcase classname="PostUtils.postMessageOnKeyPress sendMessageOnCtrlEnter: Test for overriding sending of message on CTRL+ENTER, no ctrlKey|metaKey, with opening and closing backticks" name="PostUtils.postMessageOnKeyPress sendMessageOnCtrlEnter: Test for overriding sending of message on CTRL+ENTER, no ctrlKey|metaKey, with opening and closing backticks" time="0.001">
    </testcase>
    <testcase classname="PostUtils.postMessageOnKeyPress sendMessageOnCtrlEnter: Test for overriding sending of message on CTRL+ENTER, with ctrlKey" name="PostUtils.postMessageOnKeyPress sendMessageOnCtrlEnter: Test for overriding sending of message on CTRL+ENTER, with ctrlKey" time="0">
    </testcase>
    <testcase classname="PostUtils.postMessageOnKeyPress sendMessageOnCtrlEnter: Test for overriding sending of message on CTRL+ENTER, with metaKey" name="PostUtils.postMessageOnKeyPress sendMessageOnCtrlEnter: Test for overriding sending of message on CTRL+ENTER, with metaKey" time="0.001">
    </testcase>
    <testcase classname="PostUtils.postMessageOnKeyPress sendMessageOnCtrlEnter: Test for overriding sending of message on CTRL+ENTER, with ctrlKey, with opening backticks" name="PostUtils.postMessageOnKeyPress sendMessageOnCtrlEnter: Test for overriding sending of message on CTRL+ENTER, with ctrlKey, with opening backticks" time="0">
    </testcase>
    <testcase classname="PostUtils.postMessageOnKeyPress sendMessageOnCtrlEnter: Test for overriding sending of message on CTRL+ENTER, with ctrlKey, with opening backticks, with language set" name="PostUtils.postMessageOnKeyPress sendMessageOnCtrlEnter: Test for overriding sending of message on CTRL+ENTER, with ctrlKey, with opening backticks, with language set" time="0.001">
    </testcase>
    <testcase classname="PostUtils.postMessageOnKeyPress sendMessageOnCtrlEnter: Test for overriding sending of message on CTRL+ENTER, with ctrlKey, with opening backticks" name="PostUtils.postMessageOnKeyPress sendMessageOnCtrlEnter: Test for overriding sending of message on CTRL+ENTER, with ctrlKey, with opening backticks" time="0">
    </testcase>
    <testcase classname="PostUtils.postMessageOnKeyPress sendMessageOnCtrlEnter: Test for overriding sending of message on CTRL+ENTER, with ctrlKey, with opening backticks" name="PostUtils.postMessageOnKeyPress sendMessageOnCtrlEnter: Test for overriding sending of message on CTRL+ENTER, with ctrlKey, with opening backticks" time="0.001">
    </testcase>
    <testcase classname="PostUtils.postMessageOnKeyPress sendMessageOnCtrlEnter: Test for overriding sending of message on CTRL+ENTER, with ctrlKey, with opening backticks, with line break on last line" name="PostUtils.postMessageOnKeyPress sendMessageOnCtrlEnter: Test for overriding sending of message on CTRL+ENTER, with ctrlKey, with opening backticks, with line break on last line" time="0">
    </testcase>
    <testcase classname="PostUtils.postMessageOnKeyPress sendMessageOnCtrlEnter: Test for overriding sending of message on CTRL+ENTER, with ctrlKey, with opening backticks, with multiple line breaks on last lines" name="PostUtils.postMessageOnKeyPress sendMessageOnCtrlEnter: Test for overriding sending of message on CTRL+ENTER, with ctrlKey, with opening backticks, with multiple line breaks on last lines" time="0">
    </testcase>
    <testcase classname="PostUtils.postMessageOnKeyPress sendMessageOnCtrlEnter: Test for overriding sending of message on CTRL+ENTER, with ctrlKey, with opening and closing backticks" name="PostUtils.postMessageOnKeyPress sendMessageOnCtrlEnter: Test for overriding sending of message on CTRL+ENTER, with ctrlKey, with opening and closing backticks" time="0.001">
    </testcase>
    <testcase classname="PostUtils.postMessageOnKeyPress sendMessageOnCtrlEnter: Test for overriding sending of message on CTRL+ENTER, with ctrlKey, with opening and closing backticks, with language set" name="PostUtils.postMessageOnKeyPress sendMessageOnCtrlEnter: Test for overriding sending of message on CTRL+ENTER, with ctrlKey, with opening and closing backticks, with language set" time="0">
    </testcase>
    <testcase classname="PostUtils.postMessageOnKeyPress sendMessageOnCtrlEnter: Test for overriding sending of message on CTRL+ENTER, with ctrlKey, with inline opening backticks" name="PostUtils.postMessageOnKeyPress sendMessageOnCtrlEnter: Test for overriding sending of message on CTRL+ENTER, with ctrlKey, with inline opening backticks" time="0.001">
    </testcase>
    <testcase classname="PostUtils.postMessageOnKeyPress sendCodeBlockOnCtrlEnter: Test for overriding sending of code block on CTRL+ENTER, no ctrlKey|metaKey, without opening backticks" name="PostUtils.postMessageOnKeyPress sendCodeBlockOnCtrlEnter: Test for overriding sending of code block on CTRL+ENTER, no ctrlKey|metaKey, without opening backticks" time="0">
    </testcase>
    <testcase classname="PostUtils.postMessageOnKeyPress sendCodeBlockOnCtrlEnter: Test for overriding sending of code block on CTRL+ENTER, no ctrlKey|metaKey, with opening backticks" name="PostUtils.postMessageOnKeyPress sendCodeBlockOnCtrlEnter: Test for overriding sending of code block on CTRL+ENTER, no ctrlKey|metaKey, with opening backticks" time="0.001">
    </testcase>
    <testcase classname="PostUtils.postMessageOnKeyPress sendCodeBlockOnCtrlEnter: Test for overriding sending of code block on CTRL+ENTER, no ctrlKey|metaKey, with opening backticks" name="PostUtils.postMessageOnKeyPress sendCodeBlockOnCtrlEnter: Test for overriding sending of code block on CTRL+ENTER, no ctrlKey|metaKey, with opening backticks" time="0">
    </testcase>
    <testcase classname="PostUtils.postMessageOnKeyPress sendCodeBlockOnCtrlEnter: Test for overriding sending of code block on CTRL+ENTER, no ctrlKey|metaKey, with opening backticks" name="PostUtils.postMessageOnKeyPress sendCodeBlockOnCtrlEnter: Test for overriding sending of code block on CTRL+ENTER, no ctrlKey|metaKey, with opening backticks" time="0">
    </testcase>
    <testcase classname="PostUtils.postMessageOnKeyPress sendCodeBlockOnCtrlEnter: Test for overriding sending of code block on CTRL+ENTER, no ctrlKey|metaKey, with opening backticks" name="PostUtils.postMessageOnKeyPress sendCodeBlockOnCtrlEnter: Test for overriding sending of code block on CTRL+ENTER, no ctrlKey|metaKey, with opening backticks" time="0.001">
    </testcase>
    <testcase classname="PostUtils.postMessageOnKeyPress sendCodeBlockOnCtrlEnter: Test for overriding sending of code block on CTRL+ENTER, with ctrlKey, without opening backticks" name="PostUtils.postMessageOnKeyPress sendCodeBlockOnCtrlEnter: Test for overriding sending of code block on CTRL+ENTER, with ctrlKey, without opening backticks" time="0">
    </testcase>
    <testcase classname="PostUtils.postMessageOnKeyPress sendCodeBlockOnCtrlEnter: Test for overriding sending of code block on CTRL+ENTER, with metaKey, without opening backticks" name="PostUtils.postMessageOnKeyPress sendCodeBlockOnCtrlEnter: Test for overriding sending of code block on CTRL+ENTER, with metaKey, without opening backticks" time="0.001">
    </testcase>
    <testcase classname="PostUtils.postMessageOnKeyPress sendCodeBlockOnCtrlEnter: Test for overriding sending of code block on CTRL+ENTER, with ctrlKey, with line break" name="PostUtils.postMessageOnKeyPress sendCodeBlockOnCtrlEnter: Test for overriding sending of code block on CTRL+ENTER, with ctrlKey, with line break" time="0.006">
    </testcase>
    <testcase classname="PostUtils.postMessageOnKeyPress sendCodeBlockOnCtrlEnter: Test for overriding sending of code block on CTRL+ENTER, with ctrlKey, with multiple line breaks" name="PostUtils.postMessageOnKeyPress sendCodeBlockOnCtrlEnter: Test for overriding sending of code block on CTRL+ENTER, with ctrlKey, with multiple line breaks" time="0">
    </testcase>
    <testcase classname="PostUtils.postMessageOnKeyPress sendCodeBlockOnCtrlEnter: Test for overriding sending of code block on CTRL+ENTER, with ctrlKey, with opening backticks" name="PostUtils.postMessageOnKeyPress sendCodeBlockOnCtrlEnter: Test for overriding sending of code block on CTRL+ENTER, with ctrlKey, with opening backticks" time="0.001">
    </testcase>
    <testcase classname="PostUtils.postMessageOnKeyPress sendCodeBlockOnCtrlEnter: Test for overriding sending of code block on CTRL+ENTER, with ctrlKey, with opening backticks, with language set" name="PostUtils.postMessageOnKeyPress sendCodeBlockOnCtrlEnter: Test for overriding sending of code block on CTRL+ENTER, with ctrlKey, with opening backticks, with language set" time="0.006">
    </testcase>
    <testcase classname="PostUtils.postMessageOnKeyPress sendCodeBlockOnCtrlEnter: Test for overriding sending of code block on CTRL+ENTER, with ctrlKey, with opening and closing backticks, with language set" name="PostUtils.postMessageOnKeyPress sendCodeBlockOnCtrlEnter: Test for overriding sending of code block on CTRL+ENTER, with ctrlKey, with opening and closing backticks, with language set" time="0">
    </testcase>
    <testcase classname="PostUtils.postMessageOnKeyPress sendCodeBlockOnCtrlEnter: Test for overriding sending of code block on CTRL+ENTER, with ctrlKey, with opening and closing backticks" name="PostUtils.postMessageOnKeyPress sendCodeBlockOnCtrlEnter: Test for overriding sending of code block on CTRL+ENTER, with ctrlKey, with opening and closing backticks" time="0.001">
    </testcase>
    <testcase classname="PostUtils.postMessageOnKeyPress sendCodeBlockOnCtrlEnter: Test for overriding sending of code block on CTRL+ENTER, with ctrlKey, with opening backticks, with last line of empty spaces" name="PostUtils.postMessageOnKeyPress sendCodeBlockOnCtrlEnter: Test for overriding sending of code block on CTRL+ENTER, with ctrlKey, with opening backticks, with last line of empty spaces" time="0">
    </testcase>
    <testcase classname="PostUtils.postMessageOnKeyPress sendCodeBlockOnCtrlEnter: Test for overriding sending of code block on CTRL+ENTER, with ctrlKey, with opening backticks, with empty line break on last line" name="PostUtils.postMessageOnKeyPress sendCodeBlockOnCtrlEnter: Test for overriding sending of code block on CTRL+ENTER, with ctrlKey, with opening backticks, with empty line break on last line" time="0">
    </testcase>
    <testcase classname="PostUtils.postMessageOnKeyPress sendCodeBlockOnCtrlEnter: Test for overriding sending of code block on CTRL+ENTER, with ctrlKey, with opening backticks, with multiple empty line breaks on last lines" name="PostUtils.postMessageOnKeyPress sendCodeBlockOnCtrlEnter: Test for overriding sending of code block on CTRL+ENTER, with ctrlKey, with opening backticks, with multiple empty line breaks on last lines" time="0.001">
    </testcase>
    <testcase classname="PostUtils.postMessageOnKeyPress sendCodeBlockOnCtrlEnter: Test for overriding sending of code block on CTRL+ENTER, with ctrlKey, with opening backticks, with multiple empty line breaks and spaces on last lines" name="PostUtils.postMessageOnKeyPress sendCodeBlockOnCtrlEnter: Test for overriding sending of code block on CTRL+ENTER, with ctrlKey, with opening backticks, with multiple empty line breaks and spaces on last lines" time="0">
    </testcase>
    <testcase classname="PostUtils.postMessageOnKeyPress sendCodeBlockOnCtrlEnter: Test for overriding sending of code block on CTRL+ENTER, with ctrlKey, with opening backticks, without line break on last line" name="PostUtils.postMessageOnKeyPress sendCodeBlockOnCtrlEnter: Test for overriding sending of code block on CTRL+ENTER, with ctrlKey, with opening backticks, without line break on last line" time="0">
    </testcase>
    <testcase classname="PostUtils.postMessageOnKeyPress sendCodeBlockOnCtrlEnter: Test for overriding sending of code block on CTRL+ENTER, with ctrlKey, with inline opening backticks" name="PostUtils.postMessageOnKeyPress sendCodeBlockOnCtrlEnter: Test for overriding sending of code block on CTRL+ENTER, with ctrlKey, with inline opening backticks" time="0">
    </testcase>
    <testcase classname="PostUtils.postMessageOnKeyPress now unspecified, last channel switch unspecified" name="PostUtils.postMessageOnKeyPress now unspecified, last channel switch unspecified" time="0">
    </testcase>
    <testcase classname="PostUtils.postMessageOnKeyPress now specified, last channel switch unspecified" name="PostUtils.postMessageOnKeyPress now specified, last channel switch unspecified" time="0">
    </testcase>
    <testcase classname="PostUtils.postMessageOnKeyPress now specified, last channel switch unspecified" name="PostUtils.postMessageOnKeyPress now specified, last channel switch unspecified" time="0">
    </testcase>
    <testcase classname="PostUtils.postMessageOnKeyPress last channel switch within threshold" name="PostUtils.postMessageOnKeyPress last channel switch within threshold" time="0.001">
    </testcase>
    <testcase classname="PostUtils.postMessageOnKeyPress last channel switch at threshold" name="PostUtils.postMessageOnKeyPress last channel switch at threshold" time="0">
    </testcase>
    <testcase classname="PostUtils.postMessageOnKeyPress last channel switch outside threshold" name="PostUtils.postMessageOnKeyPress last channel switch outside threshold" time="0">
    </testcase>
    <testcase classname="PostUtils.postMessageOnKeyPress last channel switch well outside threshold" name="PostUtils.postMessageOnKeyPress last channel switch well outside threshold" time="0.001">
    </testcase>
  </testsuite>
  <testsuite name="rhs view actions" errors="0" failures="0" skipped="0" timestamp="2019-10-30T21:35:51" time="0.529" tests="16">
    <testcase classname="rhs view actions clearCommentDraftUploads it calls actionOnGlobalItemsWithPrefix action correctly" name="rhs view actions clearCommentDraftUploads it calls actionOnGlobalItemsWithPrefix action correctly" time="0.006">
    </testcase>
    <testcase classname="rhs view actions updateCommentDraft it calls setGlobalItem action correctly" name="rhs view actions updateCommentDraft it calls setGlobalItem action correctly" time="0.001">
    </testcase>
    <testcase classname="rhs view actions makeOnMoveHistoryIndex it moves comment history index back" name="rhs view actions makeOnMoveHistoryIndex it moves comment history index back" time="0.001">
    </testcase>
    <testcase classname="rhs view actions makeOnMoveHistoryIndex it stores history message in draft" name="rhs view actions makeOnMoveHistoryIndex it stores history message in draft" time="0.001">
    </testcase>
    <testcase classname="rhs view actions submitPost it calls GlobalActions.emitUserCommentedEvent with post" name="rhs view actions submitPost it calls GlobalActions.emitUserCommentedEvent with post" time="0.002">
    </testcase>
    <testcase classname="rhs view actions submitPost it call PostActions.createPost with post" name="rhs view actions submitPost it call PostActions.createPost with post" time="0.001">
    </testcase>
    <testcase classname="rhs view actions submitReaction it adds a reaction when action is +" name="rhs view actions submitReaction it adds a reaction when action is +" time="0">
    </testcase>
    <testcase classname="rhs view actions submitReaction it removes a reaction when action is -" name="rhs view actions submitReaction it removes a reaction when action is -" time="0">
    </testcase>
    <testcase classname="rhs view actions submitCommand it calls ChannelActions.executeCommand" name="rhs view actions submitCommand it calls ChannelActions.executeCommand" time="0.002">
    </testcase>
    <testcase classname="rhs view actions submitCommand it calls submitPost on error.sendMessage" name="rhs view actions submitCommand it calls submitPost on error.sendMessage" time="0.153">
    </testcase>
    <testcase classname="rhs view actions makeOnSubmit it adds message into history" name="rhs view actions makeOnSubmit it adds message into history" time="0.001">
    </testcase>
    <testcase classname="rhs view actions makeOnSubmit it clears comment draft" name="rhs view actions makeOnSubmit it clears comment draft" time="0.001">
    </testcase>
    <testcase classname="rhs view actions makeOnSubmit it submits a reaction when message is +:smile:" name="rhs view actions makeOnSubmit it submits a reaction when message is +:smile:" time="0.001">
    </testcase>
    <testcase classname="rhs view actions makeOnSubmit it submits a command when message is /away" name="rhs view actions makeOnSubmit it submits a command when message is /away" time="0">
    </testcase>
    <testcase classname="rhs view actions makeOnSubmit it submits a regular post when message is something else" name="rhs view actions makeOnSubmit it submits a regular post when message is something else" time="0.001">
    </testcase>
    <testcase classname="rhs view actions makeOnEditLatestPost it dispatches the correct actions" name="rhs view actions makeOnEditLatestPost it dispatches the correct actions" time="0.001">
    </testcase>
  </testsuite>
  <testsuite name="plugins/MainMenuActions" errors="0" failures="0" skipped="0" timestamp="2019-10-30T21:35:48" time="3.489" tests="2">
    <testcase classname="plugins/MainMenuActions should match snapshot and click plugin item for LHS dropdown" name="plugins/MainMenuActions should match snapshot and click plugin item for LHS dropdown" time="0.035">
    </testcase>
    <testcase classname="plugins/MainMenuActions should match snapshot and click plugin item for mobile menu" name="plugins/MainMenuActions should match snapshot and click plugin item for mobile menu" time="0.014">
    </testcase>
  </testsuite>
  <testsuite name="components/ChannelMembersModal" errors="0" failures="0" skipped="0" timestamp="2019-10-30T21:35:51" time="0.669" tests="5">
    <testcase classname="components/ChannelMembersModal renders the channel display name" name="components/ChannelMembersModal renders the channel display name" time="0.011">
    </testcase>
    <testcase classname="components/ChannelMembersModal should call the onHide callback when the modal is hidden" name="components/ChannelMembersModal should call the onHide callback when the modal is hidden" time="0.002">
    </testcase>
    <testcase classname="components/ChannelMembersModal should show the invite modal link if the user can manage channel members" name="components/ChannelMembersModal should show the invite modal link if the user can manage channel members" time="0.003">
    </testcase>
    <testcase classname="components/ChannelMembersModal should not show the invite modal link if the user can not manage channel members" name="components/ChannelMembersModal should not show the invite modal link if the user can not manage channel members" time="0.003">
    </testcase>
    <testcase classname="components/ChannelMembersModal should call showInviteModal when the invite modal link is clicked" name="components/ChannelMembersModal should call showInviteModal when the invite modal link is clicked" time="0.019">
    </testcase>
  </testsuite>
  <testsuite name="Markdown.Links" errors="0" failures="0" skipped="0" timestamp="2019-10-30T21:35:51" time="0.575" tests="21">
    <testcase classname="Markdown.Links Not links" name="Markdown.Links Not links" time="0.012">
    </testcase>
    <testcase classname="Markdown.Links External links" name="Markdown.Links External links" time="0.001">
    </testcase>
    <testcase classname="Markdown.Links IP addresses" name="Markdown.Links IP addresses" time="0.001">
    </testcase>
    <testcase classname="Markdown.Links Links with anchors" name="Markdown.Links Links with anchors" time="0.001">
    </testcase>
    <testcase classname="Markdown.Links Links with parameters" name="Markdown.Links Links with parameters" time="0.001">
    </testcase>
    <testcase classname="Markdown.Links Special characters" name="Markdown.Links Special characters" time="0.003">
    </testcase>
    <testcase classname="Markdown.Links Brackets" name="Markdown.Links Brackets" time="0">
    </testcase>
    <testcase classname="Markdown.Links Email addresses" name="Markdown.Links Email addresses" time="0.001">
    </testcase>
    <testcase classname="Markdown.Links Formatted links" name="Markdown.Links Formatted links" time="0.001">
    </testcase>
    <testcase classname="Markdown.Links Links with text" name="Markdown.Links Links with text" time="0.002">
    </testcase>
    <testcase classname="Markdown.Links Links with tooltips" name="Markdown.Links Links with tooltips" time="0.001">
    </testcase>
    <testcase classname="Markdown.Links Links with surrounding text" name="Markdown.Links Links with surrounding text" time="0.001">
    </testcase>
    <testcase classname="Markdown.Links Links with trailing punctuation" name="Markdown.Links Links with trailing punctuation" time="0.001">
    </testcase>
    <testcase classname="Markdown.Links Links with surrounding brackets" name="Markdown.Links Links with surrounding brackets" time="0.002">
    </testcase>
    <testcase classname="Markdown.Links Searching for links" name="Markdown.Links Searching for links" time="0.002">
    </testcase>
    <testcase classname="Markdown.Links Links containing %" name="Markdown.Links Links containing %" time="0">
    </testcase>
    <testcase classname="Markdown.Links Relative link" name="Markdown.Links Relative link" time="0.001">
    </testcase>
    <testcase classname="Markdown.Links autolinkedUrlSchemes all links are rendered when not provided" name="Markdown.Links autolinkedUrlSchemes all links are rendered when not provided" time="0.002">
    </testcase>
    <testcase classname="Markdown.Links autolinkedUrlSchemes no links are rendered when no schemes are provided" name="Markdown.Links autolinkedUrlSchemes no links are rendered when no schemes are provided" time="0.019">
    </testcase>
    <testcase classname="Markdown.Links autolinkedUrlSchemes only matching links are rendered when schemes are provided" name="Markdown.Links autolinkedUrlSchemes only matching links are rendered when schemes are provided" time="0.001">
    </testcase>
    <testcase classname="Markdown.Links autolinkedUrlSchemes explicit links are not affected by this setting" name="Markdown.Links autolinkedUrlSchemes explicit links are not affected by this setting" time="0.001">
    </testcase>
  </testsuite>
  <testsuite name="stripMarkdown | RemoveMarkdown" errors="0" failures="0" skipped="0" timestamp="2019-10-30T21:35:51" time="0.538" tests="53">
    <testcase classname="stripMarkdown | RemoveMarkdown emoji: same" name="stripMarkdown | RemoveMarkdown emoji: same" time="0.008">
    </testcase>
    <testcase classname="stripMarkdown | RemoveMarkdown at-mention: same" name="stripMarkdown | RemoveMarkdown at-mention: same" time="0.001">
    </testcase>
    <testcase classname="stripMarkdown | RemoveMarkdown channel-link: same" name="stripMarkdown | RemoveMarkdown channel-link: same" time="0.001">
    </testcase>
    <testcase classname="stripMarkdown | RemoveMarkdown codespan: single backtick" name="stripMarkdown | RemoveMarkdown codespan: single backtick" time="0">
    </testcase>
[...]
    </testcase>
    <testcase classname="Actions.Storage actionOnGlobalItemsWithPrefix" name="Actions.Storage actionOnGlobalItemsWithPrefix" time="0.014">
    </testcase>
    <testcase classname="Actions.Storage actionOnItemsWithPrefix" name="Actions.Storage actionOnItemsWithPrefix" time="0.007">
    </testcase>
    <testcase classname="Actions.Storage clear" name="Actions.Storage clear" time="0.006">
    </testcase>
    <testcase classname="Actions.Storage rehydrate" name="Actions.Storage rehydrate" time="0.008">
    </testcase>
    <testcase classname="Actions.Storage rehydrate-with-timestamp" name="Actions.Storage rehydrate-with-timestamp" time="0.007">
    </testcase>
  </testsuite>
  <testsuite name="Reducers.Browser" errors="0" failures="0" skipped="0" timestamp="2019-10-30T21:35:53" time="0.143" tests="3">
    <testcase classname="Reducers.Browser Initial state" name="Reducers.Browser Initial state" time="0.001">
    </testcase>
    <testcase classname="Reducers.Browser should lose focus on BROWSER_CHANGE_FOCUS" name="Reducers.Browser should lose focus on BROWSER_CHANGE_FOCUS" time="0.001">
    </testcase>
    <testcase classname="Reducers.Browser should gain focus on BROWSER_CHANGE_FOCUS" name="Reducers.Browser should gain focus on BROWSER_CHANGE_FOCUS" time="0">
    </testcase>
  </testsuite>
  <testsuite name="stores/LocalStorageStore" errors="0" failures="0" skipped="0" timestamp="2019-10-30T21:35:53" time="0.156" tests="2">
    <testcase classname="stores/LocalStorageStore should persist previous team id per user" name="stores/LocalStorageStore should persist previous team id per user" time="0.001">
    </testcase>
    <testcase classname="stores/LocalStorageStore should persist previous channel name per team and user" name="stores/LocalStorageStore should persist previous channel name per team and user" time="0.001">
    </testcase>
  </testsuite>
  <testsuite name="FileUtils.trimFilename" errors="0" failures="0" skipped="0" timestamp="2019-10-30T21:35:53" time="0.173" tests="5">
    <testcase classname="FileUtils.trimFilename trimFilename" name="FileUtils.trimFilename trimFilename" time="0.001">
    </testcase>
    <testcase classname="FileUtils.canUploadFiles is false when file attachments are disabled" name="FileUtils.canUploadFiles is false when file attachments are disabled" time="0">
    </testcase>
    <testcase classname="FileUtils.canUploadFiles is true when file attachments are enabled and not on mobile" name="FileUtils.canUploadFiles is true when file attachments are enabled and not on mobile" time="0.001">
    </testcase>
    <testcase classname="FileUtils.canUploadFiles is true when file attachments are enabled and on mobile with mobile file upload enabled" name="FileUtils.canUploadFiles is true when file attachments are enabled and on mobile with mobile file upload enabled" time="0">
    </testcase>
    <testcase classname="FileUtils.canUploadFiles is true when file attachments are enabled unless on mobile with mobile file upload disabled" name="FileUtils.canUploadFiles is true when file attachments are enabled unless on mobile with mobile file upload disabled" time="0">
    </testcase>
  </testsuite>
  <testsuite name="Reducers.Storage" errors="0" failures="0" skipped="0" timestamp="2019-10-30T21:35:53" time="0.209" tests="8">
    <testcase classname="Reducers.Storage Storage.SET_ITEM" name="Reducers.Storage Storage.SET_ITEM" time="0.002">
    </testcase>
    <testcase classname="Reducers.Storage Storage.SET_GLOBAL_ITEM" name="Reducers.Storage Storage.SET_GLOBAL_ITEM" time="0">
    </testcase>
    <testcase classname="Reducers.Storage Storage.REMOVE_ITEM" name="Reducers.Storage Storage.REMOVE_ITEM" time="0.001">
    </testcase>
    <testcase classname="Reducers.Storage Storage.REMOVE_GLOBAL_ITEM" name="Reducers.Storage Storage.REMOVE_GLOBAL_ITEM" time="0">
    </testcase>
    <testcase classname="Reducers.Storage Storage.CLEAR" name="Reducers.Storage Storage.CLEAR" time="0.001">
    </testcase>
    <testcase classname="Reducers.Storage Storage.ACTION_ON_ITEMS_WITH_PREFIX" name="Reducers.Storage Storage.ACTION_ON_ITEMS_WITH_PREFIX" time="0">
    </testcase>
    <testcase classname="Reducers.Storage Storage.ACTION_ON_GLOBAL_ITEMS_WITH_PREFIX" name="Reducers.Storage Storage.ACTION_ON_GLOBAL_ITEMS_WITH_PREFIX" time="0.001">
    </testcase>
    <testcase classname="Reducers.Storage Storage.STORAGE_REHYDRATE" name="Reducers.Storage Storage.STORAGE_REHYDRATE" time="0">
    </testcase>
  </testsuite>
  <testsuite name="stores/SuggestionStore" errors="0" failures="0" skipped="0" timestamp="2019-10-30T21:35:53" time="0.156" tests="4">
    <testcase classname="stores/SuggestionStore should ignore events from unknown suggestion boxes" name="stores/SuggestionStore should ignore events from unknown suggestion boxes" time="0">
    </testcase>
    <testcase classname="stores/SuggestionStore should process events from registered suggestion boxes" name="stores/SuggestionStore should process events from registered suggestion boxes" time="0.001">
    </testcase>
    <testcase classname="stores/SuggestionStore should ignore events from unregistered suggestion boxes" name="stores/SuggestionStore should ignore events from unregistered suggestion boxes" time="0">
    </testcase>
    <testcase classname="stores/SuggestionStore hasSuggestions should ignore loading items" name="stores/SuggestionStore hasSuggestions should ignore loading items" time="0.001">
    </testcase>
  </testsuite>
  <testsuite name="CommonUtils.getNearestPoint" errors="0" failures="0" skipped="0" timestamp="2019-10-30T21:35:53" time="0.119" tests="1">
    <testcase classname="CommonUtils.getNearestPoint should return nearest point" name="CommonUtils.getNearestPoint should return nearest point" time="0.002">
    </testcase>
  </testsuite>
  <testsuite name="Reducers.RHS" errors="0" failures="0" skipped="0" timestamp="2019-10-30T21:35:53" time="0.187" tests="18">
    <testcase classname="Reducers.RHS Initial state" name="Reducers.RHS Initial state" time="0.001">
    </testcase>
    <testcase classname="Reducers.RHS should match RHS state to pin" name="Reducers.RHS should match RHS state to pin" time="0.001">
    </testcase>
    <testcase classname="Reducers.RHS should wipe selectedPostId on UPDATE_RHS_STATE" name="Reducers.RHS should wipe selectedPostId on UPDATE_RHS_STATE" time="0">
    </testcase>
    <testcase classname="Reducers.RHS should match isSearchingTerm state to true" name="Reducers.RHS should match isSearchingTerm state to true" time="0">
    </testcase>
    <testcase classname="Reducers.RHS should match isSearchingTerm state to false" name="Reducers.RHS should match isSearchingTerm state to false" time="0.001">
    </testcase>
    <testcase classname="Reducers.RHS should match isSearchingTerm state to false" name="Reducers.RHS should match isSearchingTerm state to false" time="0">
    </testcase>
    <testcase classname="Reducers.RHS should match isSearchingFlaggedPost state to true" name="Reducers.RHS should match isSearchingFlaggedPost state to true" time="0.001">
    </testcase>
    <testcase classname="Reducers.RHS should match isSearchingFlaggedPost state to false" name="Reducers.RHS should match isSearchingFlaggedPost state to false" time="0.001">
    </testcase>
    <testcase classname="Reducers.RHS should match searchTerms state" name="Reducers.RHS should match searchTerms state" time="0">
    </testcase>
    <testcase classname="Reducers.RHS should match select_post state" name="Reducers.RHS should match select_post state" time="0.001">
    </testcase>
    <testcase classname="Reducers.RHS should wipe rhsState on SELECT_POST" name="Reducers.RHS should wipe rhsState on SELECT_POST" time="0.001">
    </testcase>
    <testcase classname="Reducers.RHS should open menu, closing sidebar on TOGGLE_RHS_MENU" name="Reducers.RHS should open menu, closing sidebar on TOGGLE_RHS_MENU" time="0">
    </testcase>
    <testcase classname="Reducers.RHS should close menu on TOGGLE_RHS_MENU" name="Reducers.RHS should close menu on TOGGLE_RHS_MENU" time="0.001">
    </testcase>
    <testcase classname="Reducers.RHS should open menu, closing sidebar on OPEN_RHS_MENU" name="Reducers.RHS should open menu, closing sidebar on OPEN_RHS_MENU" time="0.001">
    </testcase>
    <testcase classname="Reducers.RHS should close menu on CLOSE_RHS_MENU" name="Reducers.RHS should close menu on CLOSE_RHS_MENU" time="0">
    </testcase>
    <testcase classname="Reducers.RHS should close menu and sidebar on TOGGLE_LHS" name="Reducers.RHS should close menu and sidebar on TOGGLE_LHS" time="0.001">
    </testcase>
    <testcase classname="Reducers.RHS should close menu and sidebar on OPEN_LHS" name="Reducers.RHS should close menu and sidebar on OPEN_LHS" time="0">
    </testcase>
    <testcase classname="Reducers.RHS should close menu and sidebar on SELECT_TEAM" name="Reducers.RHS should close menu and sidebar on SELECT_TEAM" time="0.001">
    </testcase>
  </testsuite>
  <testsuite name="undefined" errors="0" failures="0" skipped="0" timestamp="2019-10-30T21:35:53" time="0.113" tests="1">
    <testcase classname=" Should return placement position for overlay based on bounds, space required and innerHeight" name=" Should return placement position for overlay based on bounds, space required and innerHeight" time="0.001">
    </testcase>
  </testsuite>
  <testsuite name="PolicyRolesAdapter" errors="0" failures="0" skipped="0" timestamp="2019-10-30T21:35:53" time="0.188" tests="10">
    <testcase classname="PolicyRolesAdapter PolicyRolesAdapter.rolesFromMapping unknown value throws an exception" name="PolicyRolesAdapter PolicyRolesAdapter.rolesFromMapping unknown value throws an exception" time="0.002">
    </testcase>
    <testcase classname="PolicyRolesAdapter PolicyRolesAdapter.rolesFromMapping ignores unknown keys" name="PolicyRolesAdapter PolicyRolesAdapter.rolesFromMapping ignores unknown keys" time="0.001">
    </testcase>
    <testcase classname="PolicyRolesAdapter PolicyRolesAdapter.rolesFromMapping mock data setup" name="PolicyRolesAdapter PolicyRolesAdapter.rolesFromMapping mock data setup" time="0.001">
    </testcase>
    <testcase classname="PolicyRolesAdapter PolicyRolesAdapter.rolesFromMapping enableTeamCreation true" name="PolicyRolesAdapter PolicyRolesAdapter.rolesFromMapping enableTeamCreation true" time="0.001">
    </testcase>
    <testcase classname="PolicyRolesAdapter PolicyRolesAdapter.rolesFromMapping enableTeamCreation false" name="PolicyRolesAdapter PolicyRolesAdapter.rolesFromMapping enableTeamCreation false" time="0.001">
    </testcase>
    <testcase classname="PolicyRolesAdapter PolicyRolesAdapter.rolesFromMapping enableOnlyAdminIntegrations true" name="PolicyRolesAdapter PolicyRolesAdapter.rolesFromMapping enableOnlyAdminIntegrations true" time="0.001">
    </testcase>
    <testcase classname="PolicyRolesAdapter PolicyRolesAdapter.rolesFromMapping enableOnlyAdminIntegrations false" name="PolicyRolesAdapter PolicyRolesAdapter.rolesFromMapping enableOnlyAdminIntegrations false" time="0.001">
    </testcase>
    <testcase classname="PolicyRolesAdapter PolicyRolesAdapter.rolesFromMapping it only returns the updated roles" name="PolicyRolesAdapter PolicyRolesAdapter.rolesFromMapping it only returns the updated roles" time="0.001">
    </testcase>
    <testcase classname="PolicyRolesAdapter PolicyRolesAdapter.mappingValueFromRoles enableTeamCreation returns the expected policy value for a enableTeamCreation policy" name="PolicyRolesAdapter PolicyRolesAdapter.mappingValueFromRoles enableTeamCreation returns the expected policy value for a enableTeamCreation policy" time="0.001">
    </testcase>
    <testcase classname="PolicyRolesAdapter PolicyRolesAdapter.mappingValueFromRoles enableOnlyAdminIntegrations returns the expected policy value for a enableOnlyAdminIntegrations policy" name="PolicyRolesAdapter PolicyRolesAdapter.mappingValueFromRoles enableOnlyAdminIntegrations returns the expected policy value for a enableOnlyAdminIntegrations policy" time="0.001">
    </testcase>
  </testsuite>
  <testsuite name="Latinise" errors="0" failures="0" skipped="0" timestamp="2019-10-30T21:35:53" time="0.118" tests="3">
    <testcase classname="Latinise handleNames should return ascii version of Dév Spé" name="Latinise handleNames should return ascii version of Dév Spé" time="0.001">
    </testcase>
    <testcase classname="Latinise handleNames should not replace any characters" name="Latinise handleNames should not replace any characters" time="0.001">
    </testcase>
    <testcase classname="Latinise handleNames should replace characters with diacritics with ascii equivalents" name="Latinise handleNames should replace characters with diacritics with ascii equivalents" time="0">
    </testcase>
  </testsuite>
  <testsuite name="Selectors.Lhs" errors="0" failures="0" skipped="0" timestamp="2019-10-30T21:35:53" time="0.114" tests="2">
    <testcase classname="Selectors.Lhs should return the open state of the sidebar menu when open is true" name="Selectors.Lhs should return the open state of the sidebar menu when open is true" time="0.001">
    </testcase>
    <testcase classname="Selectors.Lhs should return the open state of the sidebar menu when open is false" name="Selectors.Lhs should return the open state of the sidebar menu when open is false" time="0">
    </testcase>
  </testsuite>
  <testsuite name="TeamUtils.filterAndSortTeamsByDisplayName" errors="0" failures="0" skipped="0" timestamp="2019-10-30T21:35:53" time="0.18" tests="1">
    <testcase classname="TeamUtils.filterAndSortTeamsByDisplayName should return correct sorted teams" name="TeamUtils.filterAndSortTeamsByDisplayName should return correct sorted teams" time="0.001">
    </testcase>
  </testsuite>
  <testsuite name="modals selector" errors="0" failures="0" skipped="0" timestamp="2019-10-30T21:35:53" time="0.119" tests="2">
    <testcase classname="modals selector should return the isOpen value from the state for the given modalId" name="modals selector should return the isOpen value from the state for the given modalId" time="0">
    </testcase>
    <testcase classname="modals selector should return false when the given ModalId is not in state" name="modals selector should return false when the given ModalId is not in state" time="0.001">
    </testcase>
  </testsuite>
  <testsuite name="utils/server_version/equalServerVersions" errors="0" failures="0" skipped="0" timestamp="2019-10-30T21:35:53" time="0.133" tests="10">
    <testcase classname="utils/server_version/equalServerVersions should handle undefined values" name="utils/server_version/equalServerVersions should handle undefined values" time="0.001">
    </testcase>
    <testcase classname="utils/server_version/equalServerVersions should consider two empty versions as equal" name="utils/server_version/equalServerVersions should consider two empty versions as equal" time="0.001">
    </testcase>
    <testcase classname="utils/server_version/equalServerVersions should consider different strings without components as equal" name="utils/server_version/equalServerVersions should consider different strings without components as equal" time="0">
    </testcase>
    <testcase classname="utils/server_version/equalServerVersions should consider different malformed versions as equal ignoring the last two components" name="utils/server_version/equalServerVersions should consider different malformed versions as equal ignoring the last two components" time="0.001">
    </testcase>
    <testcase classname="utils/server_version/equalServerVersions should consider an empty version different from a non-empty one" name="utils/server_version/equalServerVersions should consider an empty version different from a non-empty one" time="0">
    </testcase>
    <testcase classname="utils/server_version/equalServerVersions should consider the same versions equal" name="utils/server_version/equalServerVersions should consider the same versions equal" time="0.001">
    </testcase>
    <testcase classname="utils/server_version/equalServerVersions should consider different release versions unequal" name="utils/server_version/equalServerVersions should consider different release versions unequal" time="0">
    </testcase>
    <testcase classname="utils/server_version/equalServerVersions should consider different build numbers unequal" name="utils/server_version/equalServerVersions should consider different build numbers unequal" time="0">
    </testcase>
    <testcase classname="utils/server_version/equalServerVersions should ignore different config hashes" name="utils/server_version/equalServerVersions should ignore different config hashes" time="0.001">
    </testcase>
    <testcase classname="utils/server_version/equalServerVersions should ignore different licensed statuses" name="utils/server_version/equalServerVersions should ignore different licensed statuses" time="0">
    </testcase>
  </testsuite>
  <testsuite name="Selectors.Storage" errors="0" failures="0" skipped="0" timestamp="2019-10-30T21:35:53" time="0.162" tests="3">
    <testcase classname="Selectors.Storage getPrefix" name="Selectors.Storage getPrefix" time="0">
    </testcase>
    <testcase classname="Selectors.Storage makeGetGlobalItem" name="Selectors.Storage makeGetGlobalItem" time="0.001">
    </testcase>
    <testcase classname="Selectors.Storage makeGetItem" name="Selectors.Storage makeGetItem" time="0">
    </testcase>
  </testsuite>
  <testsuite name="Utils.URL" errors="0" failures="0" skipped="0" timestamp="2019-10-30T21:35:53" time="0.116" tests="6">
    <testcase classname="Utils.URL getRelativeChannelURL" name="Utils.URL getRelativeChannelURL" time="0.001">
    </testcase>
    <testcase classname="Utils.URL getSiteURL origin" name="Utils.URL getSiteURL origin" time="0.001">
    </testcase>
    <testcase classname="Utils.URL getSiteURL origin, trailing slash" name="Utils.URL getSiteURL origin, trailing slash" time="0">
    </testcase>
    <testcase classname="Utils.URL getSiteURL origin, with basename" name="Utils.URL getSiteURL origin, with basename" time="0.001">
    </testcase>
    <testcase classname="Utils.URL getSiteURL no origin" name="Utils.URL getSiteURL no origin" time="0">
    </testcase>
    <testcase classname="Utils.URL getSiteURL no origin, with basename" name="Utils.URL getSiteURL no origin, with basename" time="0.001">
    </testcase>
  </testsuite>
  <testsuite name="Emoticons" errors="0" failures="0" skipped="0" timestamp="2019-10-30T21:35:53" time="0.091" tests="5">
    <testcase classname="Emoticons handleEmoticons should replace emoticons with tokens" name="Emoticons handleEmoticons should replace emoticons with tokens" time="0">
    </testcase>
    <testcase classname="Emoticons handleEmoticons should replace emoticons not separated by whitespace" name="Emoticons handleEmoticons should replace emoticons not separated by whitespace" time="0.001">
    </testcase>
    <testcase classname="Emoticons handleEmoticons should replace emoticons separated by punctuation" name="Emoticons handleEmoticons should replace emoticons separated by punctuation" time="0">
    </testcase>
    <testcase classname="Emoticons handleEmoticons should replace emoticons separated by text" name="Emoticons handleEmoticons should replace emoticons separated by text" time="0">
    </testcase>
    <testcase classname="Emoticons handleEmoticons shouldn&apos;t replace invalid emoticons" name="Emoticons handleEmoticons shouldn&apos;t replace invalid emoticons" time="0.001">
    </testcase>
  </testsuite>
  <testsuite name="Riff Utils" errors="0" failures="0" skipped="0" timestamp="2019-10-30T21:35:53" time="0.092" tests="1">
    <testcase classname="Riff Utils readablePeers handles empty array" name="Riff Utils readablePeers handles empty array" time="0">
    </testcase>
  </testsuite>
</testsuites>