<?xml-stylesheet type="text/xsl" href="junit-tests-report.xslt" ?>
<testsuites name="jest tests" tests="1338" failures="0" time="17.473">
  <testsuite name="components/user_settings/display/UserSettingsDisplay" errors="0" failures="0" skipped="0" timestamp="2019-10-30T22:31:28" time="3.097" tests="12">
    <testcase classname="components/user_settings/display/UserSettingsDisplay should match snapshot, no active section" name="components/user_settings/display/UserSettingsDisplay should match snapshot, no active section" time="0.021">
    </testcase>
    <testcase classname="components/user_settings/display/UserSettingsDisplay should match snapshot, collapse section" name="components/user_settings/display/UserSettingsDisplay should match snapshot, collapse section" time="0.006">
    </testcase>
    <testcase classname="components/user_settings/display/UserSettingsDisplay should match snapshot, link preview section with EnableLinkPreviews is false" name="components/user_settings/display/UserSettingsDisplay should match snapshot, link preview section with EnableLinkPreviews is false" time="0.005">
    </testcase>
    <testcase classname="components/user_settings/display/UserSettingsDisplay should match snapshot, link preview section with EnableLinkPreviews is true" name="components/user_settings/display/UserSettingsDisplay should match snapshot, link preview section with EnableLinkPreviews is true" time="0.005">
    </testcase>
    <testcase classname="components/user_settings/display/UserSettingsDisplay should match snapshot, clock section" name="components/user_settings/display/UserSettingsDisplay should match snapshot, clock section" time="0.006">
    </testcase>
    <testcase classname="components/user_settings/display/UserSettingsDisplay should match snapshot, teammate name display section" name="components/user_settings/display/UserSettingsDisplay should match snapshot, teammate name display section" time="0.005">
    </testcase>
    <testcase classname="components/user_settings/display/UserSettingsDisplay should match snapshot, timezone section" name="components/user_settings/display/UserSettingsDisplay should match snapshot, timezone section" time="0.005">
    </testcase>
    <testcase classname="components/user_settings/display/UserSettingsDisplay should match snapshot, message display section" name="components/user_settings/display/UserSettingsDisplay should match snapshot, message display section" time="0.006">
    </testcase>
    <testcase classname="components/user_settings/display/UserSettingsDisplay should match snapshot, channel display mode section" name="components/user_settings/display/UserSettingsDisplay should match snapshot, channel display mode section" time="0.005">
    </testcase>
    <testcase classname="components/user_settings/display/UserSettingsDisplay should match snapshot, languages section" name="components/user_settings/display/UserSettingsDisplay should match snapshot, languages section" time="0.005">
    </testcase>
    <testcase classname="components/user_settings/display/UserSettingsDisplay should match snapshot, theme section with EnableThemeSelection is false" name="components/user_settings/display/UserSettingsDisplay should match snapshot, theme section with EnableThemeSelection is false" time="0.009">
    </testcase>
    <testcase classname="components/user_settings/display/UserSettingsDisplay should match snapshot, theme section with EnableThemeSelection is true" name="components/user_settings/display/UserSettingsDisplay should match snapshot, theme section with EnableThemeSelection is true" time="0.005">
    </testcase>
  </testsuite>
  <testsuite name="components/user_settings/sidebar/UserSettingsSidebar" errors="0" failures="0" skipped="0" timestamp="2019-10-30T22:31:28" time="3.305" tests="2">
    <testcase classname="components/user_settings/sidebar/UserSettingsSidebar should match snapshot" name="components/user_settings/sidebar/UserSettingsSidebar should match snapshot" time="0.019">
    </testcase>
    <testcase classname="components/user_settings/sidebar/UserSettingsSidebar should match state when updateSection is called" name="components/user_settings/sidebar/UserSettingsSidebar should match state when updateSection is called" time="0.006">
    </testcase>
  </testsuite>
  <testsuite name="components/EditPostModal" errors="0" failures="0" skipped="0" timestamp="2019-10-30T22:31:28" time="3.403" tests="17">
    <testcase classname="components/EditPostModal should match with default config" name="components/EditPostModal should match with default config" time="0.019">
    </testcase>
    <testcase classname="components/EditPostModal should match without emoji picker" name="components/EditPostModal should match without emoji picker" time="0.003">
    </testcase>
    <testcase classname="components/EditPostModal should not call openModal on empty edited message but with attachment" name="components/EditPostModal should not call openModal on empty edited message but with attachment" time="0.005">
    </testcase>
    <testcase classname="components/EditPostModal should call editPost, addMessageIntoHistory and hideEditPostModal on save" name="components/EditPostModal should call editPost, addMessageIntoHistory and hideEditPostModal on save" time="0.01">
    </testcase>
    <testcase classname="components/EditPostModal should show emojis on emojis click" name="components/EditPostModal should show emojis on emojis click" time="0.008">
    </testcase>
    <testcase classname="components/EditPostModal should set the postError state when error happens" name="components/EditPostModal should set the postError state when error happens" time="0.003">
    </testcase>
    <testcase classname="components/EditPostModal should show errors when it is set in the state" name="components/EditPostModal should show errors when it is set in the state" time="0.004">
    </testcase>
    <testcase classname="components/EditPostModal should set the errorClass to animate when try to edit with an error" name="components/EditPostModal should set the errorClass to animate when try to edit with an error" time="0.007">
    </testcase>
    <testcase classname="components/EditPostModal should hide and toggle the emoji picker on correctly on (toggle/hide)EmojiPicker" name="components/EditPostModal should hide and toggle the emoji picker on correctly on (toggle/hide)EmojiPicker" time="0.007">
    </testcase>
    <testcase classname="components/EditPostModal should close without saving when post text is not changed" name="components/EditPostModal should close without saving when post text is not changed" time="0.002">
    </testcase>
    <testcase classname="components/EditPostModal should close and show delete confirmation modal when message is empty" name="components/EditPostModal should close and show delete confirmation modal when message is empty" time="0.012">
    </testcase>
    <testcase classname="components/EditPostModal should scroll page after successfully editing post" name="components/EditPostModal should scroll page after successfully editing post" time="0.003">
    </testcase>
    <testcase classname="components/EditPostModal should update state after changing value in textbox" name="components/EditPostModal should update state after changing value in textbox" time="0.002">
    </testcase>
    <testcase classname="components/EditPostModal should clear data on exit" name="components/EditPostModal should clear data on exit" time="0.003">
    </testcase>
    <testcase classname="components/EditPostModal should focus element on exit based on refocusId" name="components/EditPostModal should focus element on exit based on refocusId" time="0.002">
    </testcase>
    <testcase classname="components/EditPostModal should handle edition on key down enter depending on the conditions" name="components/EditPostModal should handle edition on key down enter depending on the conditions" time="0.004">
    </testcase>
    <testcase classname="components/EditPostModal should handle the escape key manually to hide the modal, unless the emoji picker is shown" name="components/EditPostModal should handle the escape key manually to hide the modal, unless the emoji picker is shown" time="0.004">
    </testcase>
  </testsuite>
  <testsuite name="component/sidebar/sidebar_channel/SidebarChannel" errors="0" failures="0" skipped="0" timestamp="2019-10-30T22:31:27" time="3.877" tests="8">
    <testcase classname="component/sidebar/sidebar_channel/SidebarChannel should match snapshot, when render as an empty div because no have a team or a user" name="component/sidebar/sidebar_channel/SidebarChannel should match snapshot, when render as an empty div because no have a team or a user" time="0.016">
    </testcase>
    <testcase classname="component/sidebar/sidebar_channel/SidebarChannel navigate to the next/prev channels" name="component/sidebar/sidebar_channel/SidebarChannel navigate to the next/prev channels" time="0.075">
    </testcase>
    <testcase classname="component/sidebar/sidebar_channel/SidebarChannel navigate to the next/prev unread channels" name="component/sidebar/sidebar_channel/SidebarChannel navigate to the next/prev unread channels" time="0.045">
    </testcase>
    <testcase classname="component/sidebar/sidebar_channel/SidebarChannel open direct channel selector on CTRL/CMD+SHIFT+K" name="component/sidebar/sidebar_channel/SidebarChannel open direct channel selector on CTRL/CMD+SHIFT+K" time="0.008">
    </testcase>
    <testcase classname="component/sidebar/sidebar_channel/SidebarChannel set correctly the title when needed" name="component/sidebar/sidebar_channel/SidebarChannel set correctly the title when needed" time="0.01">
    </testcase>
    <testcase classname="component/sidebar/sidebar_channel/SidebarChannel should verify if the channel is displayed for props" name="component/sidebar/sidebar_channel/SidebarChannel should verify if the channel is displayed for props" time="0.006">
    </testcase>
    <testcase classname="component/sidebar/sidebar_channel/SidebarChannel should handle correctly open more direct channels toggle" name="component/sidebar/sidebar_channel/SidebarChannel should handle correctly open more direct channels toggle" time="0.015">
    </testcase>
    <testcase classname="component/sidebar/sidebar_channel/SidebarChannel should listen/unlisten keydown events" name="component/sidebar/sidebar_channel/SidebarChannel should listen/unlisten keydown events" time="0.009">
    </testcase>
  </testsuite>
  <testsuite name="components/AdminConsole" errors="0" failures="0" skipped="0" timestamp="2019-10-30T22:31:27" time="4.289" tests="1">
    <testcase classname="components/AdminConsole should redirect to / when not system admin" name="components/AdminConsole should redirect to / when not system admin" time="0.012">
    </testcase>
  </testsuite>
  <testsuite name="components/CreateComment" errors="0" failures="0" skipped="0" timestamp="2019-10-30T22:31:31" time="0.863" tests="33">
    <testcase classname="components/CreateComment should match snapshot, empty comment" name="components/CreateComment should match snapshot, empty comment" time="0.007">
    </testcase>
    <testcase classname="components/CreateComment should match snapshot, comment with message" name="components/CreateComment should match snapshot, comment with message" time="0.003">
    </testcase>
    <testcase classname="components/CreateComment should match snapshot, non-empty message and uploadsInProgress + fileInfos" name="components/CreateComment should match snapshot, non-empty message and uploadsInProgress + fileInfos" time="0.008">
    </testcase>
    <testcase classname="components/CreateComment should correctly change state when toggleEmojiPicker is called" name="components/CreateComment should correctly change state when toggleEmojiPicker is called" time="0.005">
    </testcase>
    <testcase classname="components/CreateComment should correctly change state when hideEmojiPicker is called" name="components/CreateComment should correctly change state when hideEmojiPicker is called" time="0.002">
    </testcase>
    <testcase classname="components/CreateComment should correctly update draft when handleEmojiClick is called" name="components/CreateComment should correctly update draft when handleEmojiClick is called" time="0.01">
    </testcase>
    <testcase classname="components/CreateComment handlePostError should update state with the correct error" name="components/CreateComment handlePostError should update state with the correct error" time="0.004">
    </testcase>
    <testcase classname="components/CreateComment handleUploadError should update state with the correct error" name="components/CreateComment handleUploadError should update state with the correct error" time="0.019">
    </testcase>
    <testcase classname="components/CreateComment getFileCount should return the correct count" name="components/CreateComment getFileCount should return the correct count" time="0.006">
    </testcase>
    <testcase classname="components/CreateComment should correctly change state when showPostDeletedModal is called" name="components/CreateComment should correctly change state when showPostDeletedModal is called" time="0.003">
    </testcase>
    <testcase classname="components/CreateComment should correctly change state when hidePostDeletedModal is called" name="components/CreateComment should correctly change state when hidePostDeletedModal is called" time="0.009">
    </testcase>
    <testcase classname="components/CreateComment handleUploadStart should update comment draft correctly" name="components/CreateComment handleUploadStart should update comment draft correctly" time="0.005">
    </testcase>
    <testcase classname="components/CreateComment handleFileUploadComplete should update comment draft correctly" name="components/CreateComment handleFileUploadComplete should update comment draft correctly" time="0.006">
    </testcase>
    <testcase classname="components/CreateComment calls showPostDeletedModal when createPostErrorId === api.post.create_post.root_id.app_error" name="components/CreateComment calls showPostDeletedModal when createPostErrorId === api.post.create_post.root_id.app_error" time="0.003">
    </testcase>
    <testcase classname="components/CreateComment calls focusTextbox when rootId changes" name="components/CreateComment calls focusTextbox when rootId changes" time="0.003">
    </testcase>
    <testcase classname="components/CreateComment handleChange should update comment draft correctly" name="components/CreateComment handleChange should update comment draft correctly" time="0.003">
    </testcase>
    <testcase classname="components/CreateComment should scroll to bottom when uploadsInProgress increase" name="components/CreateComment should scroll to bottom when uploadsInProgress increase" time="0.003">
    </testcase>
    <testcase classname="components/CreateComment handleSubmit should call onSubmit prop" name="components/CreateComment handleSubmit should call onSubmit prop" time="0.019">
    </testcase>
    <testcase classname="components/CreateComment handleSubmit should not show Confirm Modal for @channel mentions when channel member count too low" name="components/CreateComment handleSubmit should not show Confirm Modal for @channel mentions when channel member count too low" time="0.005">
    </testcase>
    <testcase classname="components/CreateComment handleSubmit should not show Confirm Modal for @channel mentions when feature disabled" name="components/CreateComment handleSubmit should not show Confirm Modal for @channel mentions when feature disabled" time="0.007">
    </testcase>
    <testcase classname="components/CreateComment handleSubmit should not show Confirm Modal for @channel mentions when no mention" name="components/CreateComment handleSubmit should not show Confirm Modal for @channel mentions when no mention" time="0.009">
    </testcase>
    <testcase classname="components/CreateComment handleSubmit should show Confirm Modal for @channel mentions when needed" name="components/CreateComment handleSubmit should show Confirm Modal for @channel mentions when needed" time="0.003">
    </testcase>
    <testcase classname="components/CreateComment handleSubmit should not show Confirm Modal for @all mentions when channel member count too low" name="components/CreateComment handleSubmit should not show Confirm Modal for @all mentions when channel member count too low" time="0.004">
    </testcase>
    <testcase classname="components/CreateComment handleSubmit should not show Confirm Modal for @all mentions when feature disabled" name="components/CreateComment handleSubmit should not show Confirm Modal for @all mentions when feature disabled" time="0.004">
    </testcase>
    <testcase classname="components/CreateComment handleSubmit should not show Confirm Modal for @all mentions when no mention" name="components/CreateComment handleSubmit should not show Confirm Modal for @all mentions when no mention" time="0.004">
    </testcase>
    <testcase classname="components/CreateComment handleSubmit should show Confirm Modal for @all mentions when needed" name="components/CreateComment handleSubmit should show Confirm Modal for @all mentions when needed" time="0.003">
    </testcase>
    <testcase classname="components/CreateComment removePreview should remove file info and upload in progress with corresponding id" name="components/CreateComment removePreview should remove file info and upload in progress with corresponding id" time="0.009">
    </testcase>
    <testcase classname="components/CreateComment should match draft state on componentWillReceiveProps with change in messageInHistory" name="components/CreateComment should match draft state on componentWillReceiveProps with change in messageInHistory" time="0.004">
    </testcase>
    <testcase classname="components/CreateComment should match draft state on componentWillReceiveProps with new rootId" name="components/CreateComment should match draft state on componentWillReceiveProps with new rootId" time="0.005">
    </testcase>
    <testcase classname="components/CreateComment should match snapshot read only channel" name="components/CreateComment should match snapshot read only channel" time="0.003">
    </testcase>
    <testcase classname="components/CreateComment should match snapshot, emoji picker disabled" name="components/CreateComment should match snapshot, emoji picker disabled" time="0.002">
    </testcase>
    <testcase classname="components/CreateComment check for handleFileUploadChange callback for focus" name="components/CreateComment check for handleFileUploadChange callback for focus" time="0.002">
    </testcase>
    <testcase classname="components/CreateComment should call functions on handleKeyDown" name="components/CreateComment should call functions on handleKeyDown" time="0.004">
    </testcase>
  </testsuite>
  <testsuite name="components/signup/SignupLTI" errors="0" failures="0" skipped="0" timestamp="2019-10-30T22:31:31" time="0.509" tests="1">
    <testcase classname="components/signup/SignupLTI should have match state and make API call when handleSubmit is called" name="components/signup/SignupLTI should have match state and make API call when handleSubmit is called" time="0.015">
    </testcase>
  </testsuite>
  <testsuite name="/components/create_team" errors="0" failures="0" skipped="0" timestamp="2019-10-30T22:31:31" time="1.387" tests="2">
    <testcase classname="/components/create_team should match snapshot" name="/components/create_team should match snapshot" time="0.009">
    </testcase>
    <testcase classname="/components/create_team should run props.history.push with new state" name="/components/create_team should run props.history.push with new state" time="0.008">
    </testcase>
  </testsuite>
  <testsuite name="components/admin_console/admin_definition" errors="0" failures="0" skipped="0" timestamp="2019-10-30T22:31:28" time="4.624" tests="1">
    <testcase classname="components/admin_console/admin_definition should pass all validations checks" name="components/admin_console/admin_definition should pass all validations checks" time="0.409">
    </testcase>
  </testsuite>
  <testsuite name="components/SearchResultsItem" errors="0" failures="0" skipped="0" timestamp="2019-10-30T22:31:31" time="1.247" tests="7">
    <testcase classname="components/SearchResultsItem should match snapshot for channel" name="components/SearchResultsItem should match snapshot for channel" time="0.01">
    </testcase>
    <testcase classname="components/SearchResultsItem should match snapshot for deleted message with attachments by bot" name="components/SearchResultsItem should match snapshot for deleted message with attachments by bot" time="0.004">
    </testcase>
    <testcase classname="components/SearchResultsItem should match snapshot for DM" name="components/SearchResultsItem should match snapshot for DM" time="0.005">
    </testcase>
    <testcase classname="components/SearchResultsItem Check for dotmenu dropdownOpened state" name="components/SearchResultsItem Check for dotmenu dropdownOpened state" time="0.007">
    </testcase>
    <testcase classname="components/SearchResultsItem Check for comment icon click" name="components/SearchResultsItem Check for comment icon click" time="0.007">
    </testcase>
    <testcase classname="components/SearchResultsItem Check for jump to message" name="components/SearchResultsItem Check for jump to message" time="0.008">
    </testcase>
    <testcase classname="components/SearchResultsItem should match snapshot for archived channel" name="components/SearchResultsItem should match snapshot for archived channel" time="0.004">
    </testcase>
  </testsuite>
  <testsuite name="components/PermalinkView" errors="0" failures="0" skipped="0" timestamp="2019-10-30T22:31:27" time="4.824" tests="1">
    <testcase classname="components/PermalinkView should call emitPostFocusEvent on doPermalinkEvent" name="components/PermalinkView should call emitPostFocusEvent on doPermalinkEvent" time="0.014">
    </testcase>
  </testsuite>
  <testsuite name="components/select_team/components/SelectTeamItem" errors="0" failures="0" skipped="0" timestamp="2019-10-30T22:31:32" time="0.458" tests="1">
    <testcase classname="components/select_team/components/SelectTeamItem should call props.onTeamClick on handleTeamClick" name="components/select_team/components/SelectTeamItem should call props.onTeamClick on handleTeamClick" time="0.005">
    </testcase>
  </testsuite>
  <testsuite name="components/admin_console/SchemaAdminSettings" errors="0" failures="0" skipped="0" timestamp="2019-10-30T22:31:32" time="0.78" tests="2">
    <testcase classname="components/admin_console/SchemaAdminSettings should match snapshot with settings and plugin" name="components/admin_console/SchemaAdminSettings should match snapshot with settings and plugin" time="0.02">
    </testcase>
    <testcase classname="components/admin_console/SchemaAdminSettings should match snapshot with custom component" name="components/admin_console/SchemaAdminSettings should match snapshot with custom component" time="0.002">
    </testcase>
  </testsuite>
  <testsuite name="components/admin_console/CustomPluginSettings" errors="0" failures="0" skipped="0" timestamp="2019-10-30T22:31:32" time="0.861" tests="3">
    <testcase classname="components/admin_console/CustomPluginSettings should match snapshot with settings and plugin" name="components/admin_console/CustomPluginSettings should match snapshot with settings and plugin" time="0.017">
    </testcase>
    <testcase classname="components/admin_console/CustomPluginSettings should match snapshot with settings and no plugin" name="components/admin_console/CustomPluginSettings should match snapshot with settings and no plugin" time="0.002">
    </testcase>
    <testcase classname="components/admin_console/CustomPluginSettings should match snapshot with no settings and plugin" name="components/admin_console/CustomPluginSettings should match snapshot with no settings and plugin" time="0.006">
    </testcase>
  </testsuite>
  <testsuite name="components/post_view/PostInfo" errors="0" failures="0" skipped="0" timestamp="2019-10-30T22:31:32" time="0.965" tests="14">
    <testcase classname="components/post_view/PostInfo should match snapshot" name="components/post_view/PostInfo should match snapshot" time="0.005">
    </testcase>
    <testcase classname="components/post_view/PostInfo should match snapshot, compact display" name="components/post_view/PostInfo should match snapshot, compact display" time="0.002">
    </testcase>
    <testcase classname="components/post_view/PostInfo should match snapshot, military time" name="components/post_view/PostInfo should match snapshot, military time" time="0.001">
    </testcase>
    <testcase classname="components/post_view/PostInfo should match snapshot, flagged post" name="components/post_view/PostInfo should match snapshot, flagged post" time="0.001">
    </testcase>
    <testcase classname="components/post_view/PostInfo should match snapshot, pinned post" name="components/post_view/PostInfo should match snapshot, pinned post" time="0.002">
    </testcase>
    <testcase classname="components/post_view/PostInfo should match snapshot, ephemeral post" name="components/post_view/PostInfo should match snapshot, ephemeral post" time="0.002">
    </testcase>
    <testcase classname="components/post_view/PostInfo should match snapshot, ephemeral deleted post" name="components/post_view/PostInfo should match snapshot, ephemeral deleted post" time="0.001">
    </testcase>
    <testcase classname="components/post_view/PostInfo should match snapshot, enable emoji picker" name="components/post_view/PostInfo should match snapshot, enable emoji picker" time="0.001">
    </testcase>
    <testcase classname="components/post_view/PostInfo toggleEmojiPicker, should have called props.handleDropdownOpened" name="components/post_view/PostInfo toggleEmojiPicker, should have called props.handleDropdownOpened" time="0.007">
    </testcase>
    <testcase classname="components/post_view/PostInfo hideEmojiPicker, should have called props.handleDropdownOpened(false)" name="components/post_view/PostInfo hideEmojiPicker, should have called props.handleDropdownOpened(false)" time="0.003">
    </testcase>
    <testcase classname="components/post_view/PostInfo removePost, should have called props.actions.removePost(post)" name="components/post_view/PostInfo removePost, should have called props.actions.removePost(post)" time="0.001">
    </testcase>
    <testcase classname="components/post_view/PostInfo reactEmojiClick, should have called props.actions.addReaction()" name="components/post_view/PostInfo reactEmojiClick, should have called props.actions.addReaction()" time="0.003">
    </testcase>
    <testcase classname="components/post_view/PostInfo should match snapshot, hover" name="components/post_view/PostInfo should match snapshot, hover" time="0.002">
    </testcase>
    <testcase classname="components/post_view/PostInfo should match snapshot, showTimeWithoutHover" name="components/post_view/PostInfo should match snapshot, showTimeWithoutHover" time="0.001">
    </testcase>
  </testsuite>
  <testsuite name="components/PopoverListMembers" errors="0" failures="0" skipped="0" timestamp="2019-10-30T22:31:32" time="0.71" tests="9">
    <testcase classname="components/PopoverListMembers should match snapshot" name="components/PopoverListMembers should match snapshot" time="0.008">
    </testcase>
    <testcase classname="components/PopoverListMembers should have called openDirectChannelToUser when handleShowDirectChannel is called" name="components/PopoverListMembers should have called openDirectChannelToUser when handleShowDirectChannel is called" time="0.002">
    </testcase>
    <testcase classname="components/PopoverListMembers should match state when closePopover is called" name="components/PopoverListMembers should match state when closePopover is called" time="0.01">
    </testcase>
    <testcase classname="components/PopoverListMembers should match state when showMembersModal is called" name="components/PopoverListMembers should match state when showMembersModal is called" time="0.005">
    </testcase>
    <testcase classname="components/PopoverListMembers should match state when hideChannelMembersModal is called" name="components/PopoverListMembers should match state when hideChannelMembersModal is called" time="0.003">
    </testcase>
    <testcase classname="components/PopoverListMembers should match state when showChannelInviteModal is called" name="components/PopoverListMembers should match state when showChannelInviteModal is called" time="0.006">
    </testcase>
    <testcase classname="components/PopoverListMembers should match state when hideChannelInviteModal is called" name="components/PopoverListMembers should match state when hideChannelInviteModal is called" time="0.004">
    </testcase>
    <testcase classname="components/PopoverListMembers should match state when hideTeamMembersModal is called" name="components/PopoverListMembers should match state when hideTeamMembersModal is called" time="0.004">
    </testcase>
    <testcase classname="components/PopoverListMembers should match snapshot with archived channel" name="components/PopoverListMembers should match snapshot with archived channel" time="0.003">
    </testcase>
  </testsuite>
  <testsuite name="components/integrations/AbstractCommand" errors="0" failures="0" skipped="0" timestamp="2019-10-30T22:31:32" time="0.786" tests="6">
    <testcase classname="components/integrations/AbstractCommand should match snapshot" name="components/integrations/AbstractCommand should match snapshot" time="0.021">
    </testcase>
    <testcase classname="components/integrations/AbstractCommand should match snapshot, displays client error" name="components/integrations/AbstractCommand should match snapshot, displays client error" time="0.036">
    </testcase>
    <testcase classname="components/integrations/AbstractCommand should call action function" name="components/integrations/AbstractCommand should call action function" time="0.015">
    </testcase>
    <testcase classname="components/integrations/AbstractCommand should match object returned by getStateFromCommand" name="components/integrations/AbstractCommand should match object returned by getStateFromCommand" time="0.005">
    </testcase>
    <testcase classname="components/integrations/AbstractCommand should match state when method is called" name="components/integrations/AbstractCommand should match state when method is called" time="0.083">
    </testcase>
    <testcase classname="components/integrations/AbstractCommand should match state when handleSubmit is called" name="components/integrations/AbstractCommand should match state when handleSubmit is called" time="0.105">
    </testcase>
  </testsuite>
  <testsuite name="components/integrations/AbstractOAuthApp" errors="0" failures="0" skipped="0" timestamp="2019-10-30T22:31:32" time="0.797" tests="9">
    <testcase classname="components/integrations/AbstractOAuthApp should match snapshot" name="components/integrations/AbstractOAuthApp should match snapshot" time="0.02">
    </testcase>
    <testcase classname="components/integrations/AbstractOAuthApp should match snapshot, displays client error" name="components/integrations/AbstractOAuthApp should match snapshot, displays client error" time="0.025">
    </testcase>
    <testcase classname="components/integrations/AbstractOAuthApp should call action function" name="components/integrations/AbstractOAuthApp should call action function" time="0.015">
    </testcase>
    <testcase classname="components/integrations/AbstractOAuthApp should have correct state when updateName is called" name="components/integrations/AbstractOAuthApp should have correct state when updateName is called" time="0.022">
    </testcase>
    <testcase classname="components/integrations/AbstractOAuthApp should have correct state when updateTrusted is called" name="components/integrations/AbstractOAuthApp should have correct state when updateTrusted is called" time="0.01">
    </testcase>
    <testcase classname="components/integrations/AbstractOAuthApp should have correct state when updateDescription is called" name="components/integrations/AbstractOAuthApp should have correct state when updateDescription is called" time="0.01">
    </testcase>
    <testcase classname="components/integrations/AbstractOAuthApp should have correct state when updateHomepage is called" name="components/integrations/AbstractOAuthApp should have correct state when updateHomepage is called" time="0.01">
    </testcase>
    <testcase classname="components/integrations/AbstractOAuthApp should have correct state when updateIconUrl is called" name="components/integrations/AbstractOAuthApp should have correct state when updateIconUrl is called" time="0.015">
    </testcase>
    <testcase classname="components/integrations/AbstractOAuthApp should have correct state when handleSubmit is called" name="components/integrations/AbstractOAuthApp should have correct state when handleSubmit is called" time="0.041">
    </testcase>
  </testsuite>
  <testsuite name="components/TextBox" errors="0" failures="0" skipped="0" timestamp="2019-10-30T22:31:33" time="0.439" tests="3">
    <testcase classname="components/TextBox should match snapshot with required props" name="components/TextBox should match snapshot with required props" time="0.005">
    </testcase>
    <testcase classname="components/TextBox should throw error when value is too long" name="components/TextBox should throw error when value is too long" time="0.004">
    </testcase>
    <testcase classname="components/TextBox should throw error when new property is too long" name="components/TextBox should throw error when new property is too long" time="0.005">
    </testcase>
  </testsuite>
  <testsuite name="components/ViewImageModal" errors="0" failures="0" skipped="0" timestamp="2019-10-30T22:31:33" time="0.691" tests="20">
    <testcase classname="components/ViewImageModal should match snapshot, modal not shown" name="components/ViewImageModal should match snapshot, modal not shown" time="0.007">
    </testcase>
    <testcase classname="components/ViewImageModal should match snapshot, loading" name="components/ViewImageModal should match snapshot, loading" time="0.003">
    </testcase>
    <testcase classname="components/ViewImageModal should match snapshot, loaded with image" name="components/ViewImageModal should match snapshot, loaded with image" time="0.003">
    </testcase>
    <testcase classname="components/ViewImageModal should match snapshot, loaded with .mov file" name="components/ViewImageModal should match snapshot, loaded with .mov file" time="0.004">
    </testcase>
    <testcase classname="components/ViewImageModal should match snapshot, loaded with .m4a file" name="components/ViewImageModal should match snapshot, loaded with .m4a file" time="0.003">
    </testcase>
    <testcase classname="components/ViewImageModal should match snapshot, loaded with .js file" name="components/ViewImageModal should match snapshot, loaded with .js file" time="0.002">
    </testcase>
    <testcase classname="components/ViewImageModal should match snapshot, loaded with other file" name="components/ViewImageModal should match snapshot, loaded with other file" time="0.003">
    </testcase>
    <testcase classname="components/ViewImageModal should match snapshot, loaded with left and right arrows" name="components/ViewImageModal should match snapshot, loaded with left and right arrows" time="0.027">
    </testcase>
    <testcase classname="components/ViewImageModal should match snapshot, loaded with footer" name="components/ViewImageModal should match snapshot, loaded with footer" time="0.003">
    </testcase>
    <testcase classname="components/ViewImageModal should match snapshot, loaded" name="components/ViewImageModal should match snapshot, loaded" time="0.002">
    </testcase>
    <testcase classname="components/ViewImageModal should match snapshot, loaded and showing footer" name="components/ViewImageModal should match snapshot, loaded and showing footer" time="0.002">
    </testcase>
    <testcase classname="components/ViewImageModal should go to next or previous upon key press of right or left, respectively" name="components/ViewImageModal should go to next or previous upon key press of right or left, respectively" time="0.022">
    </testcase>
    <testcase classname="components/ViewImageModal should handle onMouseEnter and onMouseLeave" name="components/ViewImageModal should handle onMouseEnter and onMouseLeave" time="0.003">
    </testcase>
    <testcase classname="components/ViewImageModal should have called onModalDismissed" name="components/ViewImageModal should have called onModalDismissed" time="0.003">
    </testcase>
    <testcase classname="components/ViewImageModal should match snapshot on onModalShown and onModalHidden" name="components/ViewImageModal should match snapshot on onModalShown and onModalHidden" time="0.006">
    </testcase>
    <testcase classname="components/ViewImageModal should match snapshot for external file" name="components/ViewImageModal should match snapshot for external file" time="0.002">
    </testcase>
    <testcase classname="components/ViewImageModal should have called loadImage" name="components/ViewImageModal should have called loadImage" time="0.003">
    </testcase>
    <testcase classname="components/ViewImageModal should handle handleImageLoaded" name="components/ViewImageModal should handle handleImageLoaded" time="0.003">
    </testcase>
    <testcase classname="components/ViewImageModal should handle handleImageProgress" name="components/ViewImageModal should handle handleImageProgress" time="0.003">
    </testcase>
    <testcase classname="components/ViewImageModal should pass componentWillReceiveProps" name="components/ViewImageModal should pass componentWillReceiveProps" time="0.004">
    </testcase>
  </testsuite>
  <testsuite name="components/admin_console/system_users/list" errors="0" failures="0" skipped="0" timestamp="2019-10-30T22:31:33" time="0.592" tests="3">
    <testcase classname="components/admin_console/system_users/list should match default snapshot" name="components/admin_console/system_users/list should match default snapshot" time="0.004">
    </testcase>
    <testcase classname="components/admin_console/system_users/list should match default snapshot, with users and mfa enabled" name="components/admin_console/system_users/list should match default snapshot, with users and mfa enabled" time="0.002">
    </testcase>
    <testcase classname="components/admin_console/system_users/list should match default snapshot, with users and mfa disabled" name="components/admin_console/system_users/list should match default snapshot, with users and mfa disabled" time="0.002">
    </testcase>
  </testsuite>
  <testsuite name="components/post_view/CommentedOn" errors="0" failures="0" skipped="0" timestamp="2019-10-30T22:31:33" time="0.502" tests="8">
    <testcase classname="components/post_view/CommentedOn should match snapshot" name="components/post_view/CommentedOn should match snapshot" time="0.013">
    </testcase>
    <testcase classname="components/post_view/CommentedOn should match snapshots for post with props.pretext as message" name="components/post_view/CommentedOn should match snapshots for post with props.pretext as message" time="0.001">
    </testcase>
    <testcase classname="components/post_view/CommentedOn should match snapshots for post with props.title as message" name="components/post_view/CommentedOn should match snapshots for post with props.title as message" time="0.002">
    </testcase>
    <testcase classname="components/post_view/CommentedOn should match snapshots for post with props.text as message" name="components/post_view/CommentedOn should match snapshots for post with props.text as message" time="0.001">
    </testcase>
    <testcase classname="components/post_view/CommentedOn should match snapshots for post with props.fallback as message" name="components/post_view/CommentedOn should match snapshots for post with props.fallback as message" time="0.001">
    </testcase>
    <testcase classname="components/post_view/CommentedOn should call onCommentClick on click of text message" name="components/post_view/CommentedOn should call onCommentClick on click of text message" time="0.018">
    </testcase>
    <testcase classname="components/post_view/CommentedOn should call actions.updateSearchTerms and actions.showSearchResults on handleOnClick" name="components/post_view/CommentedOn should call actions.updateSearchTerms and actions.showSearchResults on handleOnClick" time="0.001">
    </testcase>
    <testcase classname="components/post_view/CommentedOn Should trigger search with override_username" name="components/post_view/CommentedOn Should trigger search with override_username" time="0.001">
    </testcase>
  </testsuite>
  <testsuite name="components/admin_console/permission_schemes_settings/permission_system_scheme_settings/permission_system_scheme_settings" errors="0" failures="0" skipped="0" timestamp="2019-10-30T22:31:33" time="0.656" tests="8">
    <testcase classname="components/admin_console/permission_schemes_settings/permission_system_scheme_settings/permission_system_scheme_settings should match snapshot on roles without permissions" name="components/admin_console/permission_schemes_settings/permission_system_scheme_settings/permission_system_scheme_settings should match snapshot on roles without permissions" time="0.009">
    </testcase>
    <testcase classname="components/admin_console/permission_schemes_settings/permission_system_scheme_settings/permission_system_scheme_settings should match snapshot when the license doesnt have custom schemes" name="components/admin_console/permission_schemes_settings/permission_system_scheme_settings/permission_system_scheme_settings should match snapshot when the license doesnt have custom schemes" time="0.008">
    </testcase>
    <testcase classname="components/admin_console/permission_schemes_settings/permission_system_scheme_settings/permission_system_scheme_settings should match snapshot on roles with permissions" name="components/admin_console/permission_schemes_settings/permission_system_scheme_settings/permission_system_scheme_settings should match snapshot on roles with permissions" time="0.009">
    </testcase>
    <testcase classname="components/admin_console/permission_schemes_settings/permission_system_scheme_settings/permission_system_scheme_settings should save each role on save clicked except system_admin role" name="components/admin_console/permission_schemes_settings/permission_system_scheme_settings/permission_system_scheme_settings should save each role on save clicked except system_admin role" time="0.016">
    </testcase>
    <testcase classname="components/admin_console/permission_schemes_settings/permission_system_scheme_settings/permission_system_scheme_settings should show error if editRole fails" name="components/admin_console/permission_schemes_settings/permission_system_scheme_settings/permission_system_scheme_settings should show error if editRole fails" time="0.016">
    </testcase>
    <testcase classname="components/admin_console/permission_schemes_settings/permission_system_scheme_settings/permission_system_scheme_settings should open and close correctly roles blocks" name="components/admin_console/permission_schemes_settings/permission_system_scheme_settings/permission_system_scheme_settings should open and close correctly roles blocks" time="0.064">
    </testcase>
    <testcase classname="components/admin_console/permission_schemes_settings/permission_system_scheme_settings/permission_system_scheme_settings should open modal on click reset defaults" name="components/admin_console/permission_schemes_settings/permission_system_scheme_settings/permission_system_scheme_settings should open modal on click reset defaults" time="0.022">
    </testcase>
    <testcase classname="components/admin_console/permission_schemes_settings/permission_system_scheme_settings/permission_system_scheme_settings should have default permissions that match the defaults constant" name="components/admin_console/permission_schemes_settings/permission_system_scheme_settings/permission_system_scheme_settings should have default permissions that match the defaults constant" time="0.019">
    </testcase>
  </testsuite>
  <testsuite name="components/ActivityLogModal" errors="0" failures="0" skipped="0" timestamp="2019-10-30T22:31:33" time="0.542" tests="4">
    <testcase classname="components/ActivityLogModal should match snapshot" name="components/ActivityLogModal should match snapshot" time="0.013">
    </testcase>
    <testcase classname="components/ActivityLogModal should match snapshot when submitRevoke is called" name="components/ActivityLogModal should match snapshot when submitRevoke is called" time="0.003">
    </testcase>
    <testcase classname="components/ActivityLogModal should have called actions.getUserAudits when onShow is called" name="components/ActivityLogModal should have called actions.getUserAudits when onShow is called" time="0.002">
    </testcase>
    <testcase classname="components/ActivityLogModal should match state when onHide is called" name="components/ActivityLogModal should match state when onHide is called" time="0.002">
    </testcase>
  </testsuite>
  <testsuite name="component/sidebar/sidebar_channel_button_or_link/SidebarChannelButtonOrLink" errors="0" failures="0" skipped="0" timestamp="2019-10-30T22:31:33" time="0.681" tests="7">
    <testcase classname="component/sidebar/sidebar_channel_button_or_link/SidebarChannelButtonOrLink should match snapshot, on desktop with mentions badge" name="component/sidebar/sidebar_channel_button_or_link/SidebarChannelButtonOrLink should match snapshot, on desktop with mentions badge" time="0.005">
    </testcase>
    <testcase classname="component/sidebar/sidebar_channel_button_or_link/SidebarChannelButtonOrLink should match snapshot, on desktop with draft" name="component/sidebar/sidebar_channel_button_or_link/SidebarChannelButtonOrLink should match snapshot, on desktop with draft" time="0.002">
    </testcase>
    <testcase classname="component/sidebar/sidebar_channel_button_or_link/SidebarChannelButtonOrLink should match snapshot, on desktop without badge" name="component/sidebar/sidebar_channel_button_or_link/SidebarChannelButtonOrLink should match snapshot, on desktop without badge" time="0.002">
    </testcase>
    <testcase classname="component/sidebar/sidebar_channel_button_or_link/SidebarChannelButtonOrLink should trackEvent, mark and add history entry on desktop on click" name="component/sidebar/sidebar_channel_button_or_link/SidebarChannelButtonOrLink should trackEvent, mark and add history entry on desktop on click" time="0.105">
    </testcase>
    <testcase classname="component/sidebar/sidebar_channel_button_or_link/SidebarChannelButtonOrLink should match snapshot, on non-desktop with mentions badge" name="component/sidebar/sidebar_channel_button_or_link/SidebarChannelButtonOrLink should match snapshot, on non-desktop with mentions badge" time="0.007">
    </testcase>
    <testcase classname="component/sidebar/sidebar_channel_button_or_link/SidebarChannelButtonOrLink should match snapshot, on non-desktop without badge" name="component/sidebar/sidebar_channel_button_or_link/SidebarChannelButtonOrLink should match snapshot, on non-desktop without badge" time="0.002">
    </testcase>
    <testcase classname="component/sidebar/sidebar_channel_button_or_link/SidebarChannelButtonOrLink should trackEvent and mark but not add history entry on non-desktop on click" name="component/sidebar/sidebar_channel_button_or_link/SidebarChannelButtonOrLink should trackEvent and mark but not add history entry on non-desktop on click" time="0">
    </testcase>
  </testsuite>
  <testsuite name="components/SingleImageView" errors="0" failures="0" skipped="0" timestamp="2019-10-30T22:31:33" time="0.55" tests="8">
    <testcase classname="components/SingleImageView should match snapshot" name="components/SingleImageView should match snapshot" time="0.009">
    </testcase>
    <testcase classname="components/SingleImageView should match snapshot, SVG image" name="components/SingleImageView should match snapshot, SVG image" time="0.004">
    </testcase>
    <testcase classname="components/SingleImageView should call setViewPortWidth on handleResize" name="components/SingleImageView should call setViewPortWidth on handleResize" time="0.002">
    </testcase>
    <testcase classname="components/SingleImageView should match state on setViewPortWidth" name="components/SingleImageView should match state on setViewPortWidth" time="0.002">
    </testcase>
    <testcase classname="components/SingleImageView should match state on handleImageClick" name="components/SingleImageView should match state on handleImageClick" time="0.003">
    </testcase>
    <testcase classname="components/SingleImageView should match state on showPreviewModal" name="components/SingleImageView should match state on showPreviewModal" time="0.002">
    </testcase>
    <testcase classname="components/SingleImageView should match dimensions on computeImageDimensions" name="components/SingleImageView should match dimensions on computeImageDimensions" time="0.004">
    </testcase>
    <testcase classname="components/SingleImageView should call toggleEmbedVisibility with post id" name="components/SingleImageView should call toggleEmbedVisibility with post id" time="0.002">
    </testcase>
  </testsuite>
  <testsuite name="components/user_settings/advanced/JoinLeaveSection" errors="0" failures="0" skipped="0" timestamp="2019-10-30T22:31:33" time="0.522" tests="4">
    <testcase classname="components/user_settings/advanced/JoinLeaveSection should match snapshot" name="components/user_settings/advanced/JoinLeaveSection should match snapshot" time="0.01">
    </testcase>
    <testcase classname="components/user_settings/advanced/JoinLeaveSection should match state on handleOnChange" name="components/user_settings/advanced/JoinLeaveSection should match state on handleOnChange" time="0.002">
    </testcase>
    <testcase classname="components/user_settings/advanced/JoinLeaveSection should call props.actions.savePreferences and props.onUpdateSection on handleSubmit" name="components/user_settings/advanced/JoinLeaveSection should call props.actions.savePreferences and props.onUpdateSection on handleSubmit" time="0.003">
    </testcase>
    <testcase classname="components/user_settings/advanced/JoinLeaveSection should match state and call props.onUpdateSection on handleUpdateSection" name="components/user_settings/advanced/JoinLeaveSection should match state and call props.onUpdateSection on handleUpdateSection" time="0.003">
    </testcase>
  </testsuite>
  <testsuite name="components/FileAttachmentList" errors="0" failures="0" skipped="0" timestamp="2019-10-30T22:31:33" time="0.523" tests="4">
    <testcase classname="components/FileAttachmentList should match snapshot, multiple files ordered 1-2-3" name="components/FileAttachmentList should match snapshot, multiple files ordered 1-2-3" time="0.004">
    </testcase>
    <testcase classname="components/FileAttachmentList should match snapshot, single image view" name="components/FileAttachmentList should match snapshot, single image view" time="0.001">
    </testcase>
    <testcase classname="components/FileAttachmentList should match state on handleImageClick" name="components/FileAttachmentList should match state on handleImageClick" time="0.002">
    </testcase>
    <testcase classname="components/FileAttachmentList should match state on hidePreviewModal" name="components/FileAttachmentList should match state on hidePreviewModal" time="0.001">
    </testcase>
  </testsuite>
  <testsuite name="components/integrations/InstalledOutgoingWebhooks" errors="0" failures="0" skipped="0" timestamp="2019-10-30T22:31:33" time="0.522" tests="3">
    <testcase classname="components/integrations/InstalledOutgoingWebhooks should match snapshot" name="components/integrations/InstalledOutgoingWebhooks should match snapshot" time="0.007">
    </testcase>
    <testcase classname="components/integrations/InstalledOutgoingWebhooks should call regenOutgoingHookToken function" name="components/integrations/InstalledOutgoingWebhooks should call regenOutgoingHookToken function" time="0.002">
    </testcase>
    <testcase classname="components/integrations/InstalledOutgoingWebhooks should call removeOutgoingHook function" name="components/integrations/InstalledOutgoingWebhooks should call removeOutgoingHook function" time="0.003">
    </testcase>
  </testsuite>
  <testsuite name="components/admin_console/permission_schemes_settings/permission_team_scheme_settings/permission_team_scheme_settings" errors="0" failures="0" skipped="0" timestamp="2019-10-30T22:31:33" time="0.805" tests="8">
    <testcase classname="components/admin_console/permission_schemes_settings/permission_team_scheme_settings/permission_team_scheme_settings should match snapshot on new with default roles without permissions" name="components/admin_console/permission_schemes_settings/permission_team_scheme_settings/permission_team_scheme_settings should match snapshot on new with default roles without permissions" time="0.006">
    </testcase>
    <testcase classname="components/admin_console/permission_schemes_settings/permission_team_scheme_settings/permission_team_scheme_settings should match snapshot on new with default roles with permissions" name="components/admin_console/permission_schemes_settings/permission_team_scheme_settings/permission_team_scheme_settings should match snapshot on new with default roles with permissions" time="0.009">
    </testcase>
    <testcase classname="components/admin_console/permission_schemes_settings/permission_team_scheme_settings/permission_team_scheme_settings should save each role on save clicked except system_admin role" name="components/admin_console/permission_schemes_settings/permission_team_scheme_settings/permission_team_scheme_settings should save each role on save clicked except system_admin role" time="0.019">
    </testcase>
    <testcase classname="components/admin_console/permission_schemes_settings/permission_team_scheme_settings/permission_team_scheme_settings should show error if createScheme fails" name="components/admin_console/permission_schemes_settings/permission_team_scheme_settings/permission_team_scheme_settings should show error if createScheme fails" time="0.026">
    </testcase>
    <testcase classname="components/admin_console/permission_schemes_settings/permission_team_scheme_settings/permission_team_scheme_settings should show error if editRole fails" name="components/admin_console/permission_schemes_settings/permission_team_scheme_settings/permission_team_scheme_settings should show error if editRole fails" time="0.011">
    </testcase>
    <testcase classname="components/admin_console/permission_schemes_settings/permission_team_scheme_settings/permission_team_scheme_settings should open and close correctly roles blocks" name="components/admin_console/permission_schemes_settings/permission_team_scheme_settings/permission_team_scheme_settings should open and close correctly roles blocks" time="0.044">
    </testcase>
    <testcase classname="components/admin_console/permission_schemes_settings/permission_team_scheme_settings/permission_team_scheme_settings should match snapshot on edit without permissions" name="components/admin_console/permission_schemes_settings/permission_team_scheme_settings/permission_team_scheme_settings should match snapshot on edit without permissions" time="0.008">
    </testcase>
    <testcase classname="components/admin_console/permission_schemes_settings/permission_team_scheme_settings/permission_team_scheme_settings should match snapshot on edit with permissions" name="components/admin_console/permission_schemes_settings/permission_team_scheme_settings/permission_team_scheme_settings should match snapshot on edit with permissions" time="0.025">
    </testcase>
  </testsuite>
  <testsuite name="components/channel_notifications_modal/ChannelNotificationsModal" errors="0" failures="0" skipped="0" timestamp="2019-10-30T22:31:34" time="0.574" tests="12">
    <testcase classname="components/channel_notifications_modal/ChannelNotificationsModal should match snapshot" name="components/channel_notifications_modal/ChannelNotificationsModal should match snapshot" time="0.007">
    </testcase>
    <testcase classname="components/channel_notifications_modal/ChannelNotificationsModal should provide default notify props when missing" name="components/channel_notifications_modal/ChannelNotificationsModal should provide default notify props when missing" time="0.004">
    </testcase>
    <testcase classname="components/channel_notifications_modal/ChannelNotificationsModal should call onHide and match state on handleOnHide" name="components/channel_notifications_modal/ChannelNotificationsModal should call onHide and match state on handleOnHide" time="0.017">
    </testcase>
    <testcase classname="components/channel_notifications_modal/ChannelNotificationsModal should match state on updateSection" name="components/channel_notifications_modal/ChannelNotificationsModal should match state on updateSection" time="0.004">
    </testcase>
    <testcase classname="components/channel_notifications_modal/ChannelNotificationsModal should reset state when collapsing a section" name="components/channel_notifications_modal/ChannelNotificationsModal should reset state when collapsing a section" time="0.009">
    </testcase>
    <testcase classname="components/channel_notifications_modal/ChannelNotificationsModal should match state on handleSubmitDesktopNotifyLevel" name="components/channel_notifications_modal/ChannelNotificationsModal should match state on handleSubmitDesktopNotifyLevel" time="0.005">
    </testcase>
    <testcase classname="components/channel_notifications_modal/ChannelNotificationsModal should match state on handleUpdateDesktopNotifyLevel" name="components/channel_notifications_modal/ChannelNotificationsModal should match state on handleUpdateDesktopNotifyLevel" time="0.019">
    </testcase>
    <testcase classname="components/channel_notifications_modal/ChannelNotificationsModal should match state on handleSubmitMarkUnreadLevel" name="components/channel_notifications_modal/ChannelNotificationsModal should match state on handleSubmitMarkUnreadLevel" time="0.003">
    </testcase>
    <testcase classname="components/channel_notifications_modal/ChannelNotificationsModal should match state on handleUpdateMarkUnreadLevel" name="components/channel_notifications_modal/ChannelNotificationsModal should match state on handleUpdateMarkUnreadLevel" time="0.003">
    </testcase>
    <testcase classname="components/channel_notifications_modal/ChannelNotificationsModal should match state on handleSubmitPushNotificationLevel" name="components/channel_notifications_modal/ChannelNotificationsModal should match state on handleSubmitPushNotificationLevel" time="0.004">
    </testcase>
    <testcase classname="components/channel_notifications_modal/ChannelNotificationsModal should match state on handleUpdatePushNotificationLevel" name="components/channel_notifications_modal/ChannelNotificationsModal should match state on handleUpdatePushNotificationLevel" time="0.003">
    </testcase>
    <testcase classname="components/channel_notifications_modal/ChannelNotificationsModal should match state on resetStateFromNotifyProps" name="components/channel_notifications_modal/ChannelNotificationsModal should match state on resetStateFromNotifyProps" time="0.008">
    </testcase>
  </testsuite>
  <testsuite name="components/YoutubeVideo" errors="0" failures="0" skipped="0" timestamp="2019-10-30T22:31:34" time="0.483" tests="1">
    <testcase classname="components/YoutubeVideo should correctly parse youtube start time formats" name="components/YoutubeVideo should correctly parse youtube start time formats" time="0.02">
    </testcase>
  </testsuite>
  <testsuite name="components/AddUsersToTeam" errors="0" failures="0" skipped="0" timestamp="2019-10-30T22:31:34" time="0.497" tests="11">
    <testcase classname="components/AddUsersToTeam should match snapshot" name="components/AddUsersToTeam should match snapshot" time="0.007">
    </testcase>
    <testcase classname="components/AddUsersToTeam should match state when onHide is called" name="components/AddUsersToTeam should match state when onHide is called" time="0.003">
    </testcase>
    <testcase classname="components/AddUsersToTeam should have called onModalDismissed when handleExit is called" name="components/AddUsersToTeam should have called onModalDismissed when handleExit is called" time="0.001">
    </testcase>
    <testcase classname="components/AddUsersToTeam should match state when handleResponse is called" name="components/AddUsersToTeam should match state when handleResponse is called" time="0.005">
    </testcase>
    <testcase classname="components/AddUsersToTeam should match state when handleSubmit is called" name="components/AddUsersToTeam should match state when handleSubmit is called" time="0.004">
    </testcase>
    <testcase classname="components/AddUsersToTeam should match state when addValue is called" name="components/AddUsersToTeam should match state when addValue is called" time="0.004">
    </testcase>
    <testcase classname="components/AddUsersToTeam should match state when handlePageChange is called" name="components/AddUsersToTeam should match state when handlePageChange is called" time="0.003">
    </testcase>
    <testcase classname="components/AddUsersToTeam should match state when search is called" name="components/AddUsersToTeam should match state when search is called" time="0.01">
    </testcase>
    <testcase classname="components/AddUsersToTeam should match state when handleDelete is called" name="components/AddUsersToTeam should match state when handleDelete is called" time="0.003">
    </testcase>
    <testcase classname="components/AddUsersToTeam should match when renderOption is called" name="components/AddUsersToTeam should match when renderOption is called" time="0.003">
    </testcase>
    <testcase classname="components/AddUsersToTeam should match when renderValue is called" name="components/AddUsersToTeam should match when renderValue is called" time="0.001">
    </testcase>
  </testsuite>
  <testsuite name="components/user_settings/notifications/DesktopNotificationSettings" errors="0" failures="0" skipped="0" timestamp="2019-10-30T22:31:34" time="0.429" tests="7">
    <testcase classname="components/user_settings/notifications/DesktopNotificationSettings should match snapshot, on max setting" name="components/user_settings/notifications/DesktopNotificationSettings should match snapshot, on max setting" time="0.006">
    </testcase>
    <testcase classname="components/user_settings/notifications/DesktopNotificationSettings should match snapshot, on min setting" name="components/user_settings/notifications/DesktopNotificationSettings should match snapshot, on min setting" time="0.002">
    </testcase>
    <testcase classname="components/user_settings/notifications/DesktopNotificationSettings should call props.updateSection and props.cancel on handleMinUpdateSection" name="components/user_settings/notifications/DesktopNotificationSettings should call props.updateSection and props.cancel on handleMinUpdateSection" time="0.002">
    </testcase>
    <testcase classname="components/user_settings/notifications/DesktopNotificationSettings should call props.updateSection on handleMaxUpdateSection" name="components/user_settings/notifications/DesktopNotificationSettings should call props.updateSection on handleMaxUpdateSection" time="0.003">
    </testcase>
    <testcase classname="components/user_settings/notifications/DesktopNotificationSettings should call props.setParentState on handleOnChange" name="components/user_settings/notifications/DesktopNotificationSettings should call props.setParentState on handleOnChange" time="0.001">
    </testcase>
    <testcase classname="components/user_settings/notifications/DesktopNotificationSettings should match snapshot, on buildMaximizedSetting" name="components/user_settings/notifications/DesktopNotificationSettings should match snapshot, on buildMaximizedSetting" time="0.005">
    </testcase>
    <testcase classname="components/user_settings/notifications/DesktopNotificationSettings should match snapshot, on buildMinimizedSetting" name="components/user_settings/notifications/DesktopNotificationSettings should match snapshot, on buildMinimizedSetting" time="0.003">
    </testcase>
  </testsuite>
  <testsuite name="components/integrations/AbstractIncomingWebhook" errors="0" failures="0" skipped="0" timestamp="2019-10-30T22:31:34" time="0.585" tests="10">
    <testcase classname="components/integrations/AbstractIncomingWebhook should match snapshot" name="components/integrations/AbstractIncomingWebhook should match snapshot" time="0.011">
    </testcase>
    <testcase classname="components/integrations/AbstractIncomingWebhook should match snapshot, on serverError" name="components/integrations/AbstractIncomingWebhook should match snapshot, on serverError" time="0.005">
    </testcase>
    <testcase classname="components/integrations/AbstractIncomingWebhook should match snapshot, displays client error when no initial hook" name="components/integrations/AbstractIncomingWebhook should match snapshot, displays client error when no initial hook" time="0.015">
    </testcase>
    <testcase classname="components/integrations/AbstractIncomingWebhook should match snapshot, hiding post username if not enabled" name="components/integrations/AbstractIncomingWebhook should match snapshot, hiding post username if not enabled" time="0.006">
    </testcase>
    <testcase classname="components/integrations/AbstractIncomingWebhook should match snapshot, hiding post icon url if not enabled" name="components/integrations/AbstractIncomingWebhook should match snapshot, hiding post icon url if not enabled" time="0.009">
    </testcase>
    <testcase classname="components/integrations/AbstractIncomingWebhook should call action function" name="components/integrations/AbstractIncomingWebhook should call action function" time="0.046">
    </testcase>
    <testcase classname="components/integrations/AbstractIncomingWebhook should update state.channelId when on channel change" name="components/integrations/AbstractIncomingWebhook should update state.channelId when on channel change" time="0.007">
    </testcase>
    <testcase classname="components/integrations/AbstractIncomingWebhook should update state.description when on description change" name="components/integrations/AbstractIncomingWebhook should update state.description when on description change" time="0.006">
    </testcase>
    <testcase classname="components/integrations/AbstractIncomingWebhook should update state.username on post username change" name="components/integrations/AbstractIncomingWebhook should update state.username on post username change" time="0.007">
    </testcase>
    <testcase classname="components/integrations/AbstractIncomingWebhook should update state.iconURL on post icon url change" name="components/integrations/AbstractIncomingWebhook should update state.iconURL on post icon url change" time="0.007">
    </testcase>
  </testsuite>
  <testsuite name="PostUtils.containsAtChannel" errors="0" failures="0" skipped="0" timestamp="2019-10-30T22:31:34" time="0.458" tests="51">
    <testcase classname="PostUtils.containsAtChannel should return correct @all (same for @channel)" name="PostUtils.containsAtChannel should return correct @all (same for @channel)" time="0.005">
    </testcase>
    <testcase classname="PostUtils.shouldFocusMainTextbox basic cases" name="PostUtils.shouldFocusMainTextbox basic cases" time="0.001">
    </testcase>
    <testcase classname="PostUtils.postMessageOnKeyPress null/empty: Test for null event" name="PostUtils.postMessageOnKeyPress null/empty: Test for null event" time="0.001">
    </testcase>
    <testcase classname="PostUtils.postMessageOnKeyPress null/empty: Test for empty message" name="PostUtils.postMessageOnKeyPress null/empty: Test for empty message" time="0">
    </testcase>
    <testcase classname="PostUtils.postMessageOnKeyPress null/empty: Test for shiftKey event" name="PostUtils.postMessageOnKeyPress null/empty: Test for shiftKey event" time="0.001">
    </testcase>
    <testcase classname="PostUtils.postMessageOnKeyPress null/empty: Test for altKey event" name="PostUtils.postMessageOnKeyPress null/empty: Test for altKey event" time="0">
    </testcase>
    <testcase classname="PostUtils.postMessageOnKeyPress no override: Test no override setting" name="PostUtils.postMessageOnKeyPress no override: Test no override setting" time="0.001">
    </testcase>
    <testcase classname="PostUtils.postMessageOnKeyPress no override: empty message" name="PostUtils.postMessageOnKeyPress no override: empty message" time="0">
    </testcase>
    <testcase classname="PostUtils.postMessageOnKeyPress no override: empty message on ctrl + enter" name="PostUtils.postMessageOnKeyPress no override: empty message on ctrl + enter" time="0">
    </testcase>
    <testcase classname="PostUtils.postMessageOnKeyPress sendMessageOnCtrlEnter: Test for overriding sending of message on CTRL+ENTER, no ctrlKey|metaKey" name="PostUtils.postMessageOnKeyPress sendMessageOnCtrlEnter: Test for overriding sending of message on CTRL+ENTER, no ctrlKey|metaKey" time="0">
    </testcase>
    <testcase classname="PostUtils.postMessageOnKeyPress sendMessageOnCtrlEnter: Test for overriding sending of message on CTRL+ENTER, no ctrlKey|metaKey, with opening backticks" name="PostUtils.postMessageOnKeyPress sendMessageOnCtrlEnter: Test for overriding sending of message on CTRL+ENTER, no ctrlKey|metaKey, with opening backticks" time="0.001">
    </testcase>
    <testcase classname="PostUtils.postMessageOnKeyPress sendMessageOnCtrlEnter: Test for overriding sending of message on CTRL+ENTER, no ctrlKey|metaKey, with opening backticks" name="PostUtils.postMessageOnKeyPress sendMessageOnCtrlEnter: Test for overriding sending of message on CTRL+ENTER, no ctrlKey|metaKey, with opening backticks" time="0">
    </testcase>
    <testcase classname="PostUtils.postMessageOnKeyPress sendMessageOnCtrlEnter: Test for overriding sending of message on CTRL+ENTER, no ctrlKey|metaKey, with opening backticks" name="PostUtils.postMessageOnKeyPress sendMessageOnCtrlEnter: Test for overriding sending of message on CTRL+ENTER, no ctrlKey|metaKey, with opening backticks" time="0">
    </testcase>
    <testcase classname="PostUtils.postMessageOnKeyPress sendMessageOnCtrlEnter: Test for overriding sending of message on CTRL+ENTER, no ctrlKey|metaKey, with opening and closing backticks" name="PostUtils.postMessageOnKeyPress sendMessageOnCtrlEnter: Test for overriding sending of message on CTRL+ENTER, no ctrlKey|metaKey, with opening and closing backticks" time="0.001">
    </testcase>
    <testcase classname="PostUtils.postMessageOnKeyPress sendMessageOnCtrlEnter: Test for overriding sending of message on CTRL+ENTER, with ctrlKey" name="PostUtils.postMessageOnKeyPress sendMessageOnCtrlEnter: Test for overriding sending of message on CTRL+ENTER, with ctrlKey" time="0">
    </testcase>
    <testcase classname="PostUtils.postMessageOnKeyPress sendMessageOnCtrlEnter: Test for overriding sending of message on CTRL+ENTER, with metaKey" name="PostUtils.postMessageOnKeyPress sendMessageOnCtrlEnter: Test for overriding sending of message on CTRL+ENTER, with metaKey" time="0.001">
    </testcase>
    <testcase classname="PostUtils.postMessageOnKeyPress sendMessageOnCtrlEnter: Test for overriding sending of message on CTRL+ENTER, with ctrlKey, with opening backticks" name="PostUtils.postMessageOnKeyPress sendMessageOnCtrlEnter: Test for overriding sending of message on CTRL+ENTER, with ctrlKey, with opening backticks" time="0">
    </testcase>
    <testcase classname="PostUtils.postMessageOnKeyPress sendMessageOnCtrlEnter: Test for overriding sending of message on CTRL+ENTER, with ctrlKey, with opening backticks, with language set" name="PostUtils.postMessageOnKeyPress sendMessageOnCtrlEnter: Test for overriding sending of message on CTRL+ENTER, with ctrlKey, with opening backticks, with language set" time="0.001">
    </testcase>
    <testcase classname="PostUtils.postMessageOnKeyPress sendMessageOnCtrlEnter: Test for overriding sending of message on CTRL+ENTER, with ctrlKey, with opening backticks" name="PostUtils.postMessageOnKeyPress sendMessageOnCtrlEnter: Test for overriding sending of message on CTRL+ENTER, with ctrlKey, with opening backticks" time="0">
    </testcase>
    <testcase classname="PostUtils.postMessageOnKeyPress sendMessageOnCtrlEnter: Test for overriding sending of message on CTRL+ENTER, with ctrlKey, with opening backticks" name="PostUtils.postMessageOnKeyPress sendMessageOnCtrlEnter: Test for overriding sending of message on CTRL+ENTER, with ctrlKey, with opening backticks" time="0.001">
    </testcase>
    <testcase classname="PostUtils.postMessageOnKeyPress sendMessageOnCtrlEnter: Test for overriding sending of message on CTRL+ENTER, with ctrlKey, with opening backticks, with line break on last line" name="PostUtils.postMessageOnKeyPress sendMessageOnCtrlEnter: Test for overriding sending of message on CTRL+ENTER, with ctrlKey, with opening backticks, with line break on last line" time="0">
    </testcase>
    <testcase classname="PostUtils.postMessageOnKeyPress sendMessageOnCtrlEnter: Test for overriding sending of message on CTRL+ENTER, with ctrlKey, with opening backticks, with multiple line breaks on last lines" name="PostUtils.postMessageOnKeyPress sendMessageOnCtrlEnter: Test for overriding sending of message on CTRL+ENTER, with ctrlKey, with opening backticks, with multiple line breaks on last lines" time="0">
    </testcase>
    <testcase classname="PostUtils.postMessageOnKeyPress sendMessageOnCtrlEnter: Test for overriding sending of message on CTRL+ENTER, with ctrlKey, with opening and closing backticks" name="PostUtils.postMessageOnKeyPress sendMessageOnCtrlEnter: Test for overriding sending of message on CTRL+ENTER, with ctrlKey, with opening and closing backticks" time="0">
    </testcase>
    <testcase classname="PostUtils.postMessageOnKeyPress sendMessageOnCtrlEnter: Test for overriding sending of message on CTRL+ENTER, with ctrlKey, with opening and closing backticks, with language set" name="PostUtils.postMessageOnKeyPress sendMessageOnCtrlEnter: Test for overriding sending of message on CTRL+ENTER, with ctrlKey, with opening and closing backticks, with language set" time="0">
    </testcase>
    <testcase classname="PostUtils.postMessageOnKeyPress sendMessageOnCtrlEnter: Test for overriding sending of message on CTRL+ENTER, with ctrlKey, with inline opening backticks" name="PostUtils.postMessageOnKeyPress sendMessageOnCtrlEnter: Test for overriding sending of message on CTRL+ENTER, with ctrlKey, with inline opening backticks" time="0.001">
    </testcase>
    <testcase classname="PostUtils.postMessageOnKeyPress sendCodeBlockOnCtrlEnter: Test for overriding sending of code block on CTRL+ENTER, no ctrlKey|metaKey, without opening backticks" name="PostUtils.postMessageOnKeyPress sendCodeBlockOnCtrlEnter: Test for overriding sending of code block on CTRL+ENTER, no ctrlKey|metaKey, without opening backticks" time="0">
    </testcase>
    <testcase classname="PostUtils.postMessageOnKeyPress sendCodeBlockOnCtrlEnter: Test for overriding sending of code block on CTRL+ENTER, no ctrlKey|metaKey, with opening backticks" name="PostUtils.postMessageOnKeyPress sendCodeBlockOnCtrlEnter: Test for overriding sending of code block on CTRL+ENTER, no ctrlKey|metaKey, with opening backticks" time="0.001">
    </testcase>
    <testcase classname="PostUtils.postMessageOnKeyPress sendCodeBlockOnCtrlEnter: Test for overriding sending of code block on CTRL+ENTER, no ctrlKey|metaKey, with opening backticks" name="PostUtils.postMessageOnKeyPress sendCodeBlockOnCtrlEnter: Test for overriding sending of code block on CTRL+ENTER, no ctrlKey|metaKey, with opening backticks" time="0">
    </testcase>
    <testcase classname="PostUtils.postMessageOnKeyPress sendCodeBlockOnCtrlEnter: Test for overriding sending of code block on CTRL+ENTER, no ctrlKey|metaKey, with opening backticks" name="PostUtils.postMessageOnKeyPress sendCodeBlockOnCtrlEnter: Test for overriding sending of code block on CTRL+ENTER, no ctrlKey|metaKey, with opening backticks" time="0">
    </testcase>
    <testcase classname="PostUtils.postMessageOnKeyPress sendCodeBlockOnCtrlEnter: Test for overriding sending of code block on CTRL+ENTER, no ctrlKey|metaKey, with opening backticks" name="PostUtils.postMessageOnKeyPress sendCodeBlockOnCtrlEnter: Test for overriding sending of code block on CTRL+ENTER, no ctrlKey|metaKey, with opening backticks" time="0.001">
    </testcase>
    <testcase classname="PostUtils.postMessageOnKeyPress sendCodeBlockOnCtrlEnter: Test for overriding sending of code block on CTRL+ENTER, with ctrlKey, without opening backticks" name="PostUtils.postMessageOnKeyPress sendCodeBlockOnCtrlEnter: Test for overriding sending of code block on CTRL+ENTER, with ctrlKey, without opening backticks" time="0">
    </testcase>
    <testcase classname="PostUtils.postMessageOnKeyPress sendCodeBlockOnCtrlEnter: Test for overriding sending of code block on CTRL+ENTER, with metaKey, without opening backticks" name="PostUtils.postMessageOnKeyPress sendCodeBlockOnCtrlEnter: Test for overriding sending of code block on CTRL+ENTER, with metaKey, without opening backticks" time="0">
    </testcase>
    <testcase classname="PostUtils.postMessageOnKeyPress sendCodeBlockOnCtrlEnter: Test for overriding sending of code block on CTRL+ENTER, with ctrlKey, with line break" name="PostUtils.postMessageOnKeyPress sendCodeBlockOnCtrlEnter: Test for overriding sending of code block on CTRL+ENTER, with ctrlKey, with line break" time="0.007">
    </testcase>
    <testcase classname="PostUtils.postMessageOnKeyPress sendCodeBlockOnCtrlEnter: Test for overriding sending of code block on CTRL+ENTER, with ctrlKey, with multiple line breaks" name="PostUtils.postMessageOnKeyPress sendCodeBlockOnCtrlEnter: Test for overriding sending of code block on CTRL+ENTER, with ctrlKey, with multiple line breaks" time="0">
    </testcase>
    <testcase classname="PostUtils.postMessageOnKeyPress sendCodeBlockOnCtrlEnter: Test for overriding sending of code block on CTRL+ENTER, with ctrlKey, with opening backticks" name="PostUtils.postMessageOnKeyPress sendCodeBlockOnCtrlEnter: Test for overriding sending of code block on CTRL+ENTER, with ctrlKey, with opening backticks" time="0">
    </testcase>
    <testcase classname="PostUtils.postMessageOnKeyPress sendCodeBlockOnCtrlEnter: Test for overriding sending of code block on CTRL+ENTER, with ctrlKey, with opening backticks, with language set" name="PostUtils.postMessageOnKeyPress sendCodeBlockOnCtrlEnter: Test for overriding sending of code block on CTRL+ENTER, with ctrlKey, with opening backticks, with language set" time="0.001">
    </testcase>
[...]
    <testcase classname="components/SpinnerButton should match snapshot with required props" name="components/SpinnerButton should match snapshot with required props" time="0.002">
    </testcase>
    <testcase classname="components/SpinnerButton should match snapshot with spinning" name="components/SpinnerButton should match snapshot with spinning" time="0.001">
    </testcase>
    <testcase classname="components/SpinnerButton should match snapshot with children" name="components/SpinnerButton should match snapshot with children" time="0.001">
    </testcase>
  </testsuite>
  <testsuite name="Riff Utils" errors="0" failures="0" skipped="0" timestamp="2019-10-30T22:31:44" time="0.139" tests="1">
    <testcase classname="Riff Utils readablePeers handles empty array" name="Riff Utils readablePeers handles empty array" time="0">
    </testcase>
  </testsuite>
  <testsuite name="stores/SuggestionStore" errors="0" failures="0" skipped="0" timestamp="2019-10-30T22:31:44" time="0.164" tests="4">
    <testcase classname="stores/SuggestionStore should ignore events from unknown suggestion boxes" name="stores/SuggestionStore should ignore events from unknown suggestion boxes" time="0">
    </testcase>
    <testcase classname="stores/SuggestionStore should process events from registered suggestion boxes" name="stores/SuggestionStore should process events from registered suggestion boxes" time="0.001">
    </testcase>
    <testcase classname="stores/SuggestionStore should ignore events from unregistered suggestion boxes" name="stores/SuggestionStore should ignore events from unregistered suggestion boxes" time="0">
    </testcase>
    <testcase classname="stores/SuggestionStore hasSuggestions should ignore loading items" name="stores/SuggestionStore hasSuggestions should ignore loading items" time="0">
    </testcase>
  </testsuite>
  <testsuite name="components/SearchHint" errors="0" failures="0" skipped="0" timestamp="2019-10-30T22:31:44" time="0.19" tests="2">
    <testcase classname="components/SearchHint should match snapshot, with title" name="components/SearchHint should match snapshot, with title" time="0.002">
    </testcase>
    <testcase classname="components/SearchHint should match snapshot, without title" name="components/SearchHint should match snapshot, without title" time="0.001">
    </testcase>
  </testsuite>
  <testsuite name="CommonUtils.getNearestPoint" errors="0" failures="0" skipped="0" timestamp="2019-10-30T22:31:44" time="0.138" tests="1">
    <testcase classname="CommonUtils.getNearestPoint should return nearest point" name="CommonUtils.getNearestPoint should return nearest point" time="0.002">
    </testcase>
  </testsuite>
  <testsuite name="utils/server_version/equalServerVersions" errors="0" failures="0" skipped="0" timestamp="2019-10-30T22:31:44" time="0.124" tests="10">
    <testcase classname="utils/server_version/equalServerVersions should handle undefined values" name="utils/server_version/equalServerVersions should handle undefined values" time="0.001">
    </testcase>
    <testcase classname="utils/server_version/equalServerVersions should consider two empty versions as equal" name="utils/server_version/equalServerVersions should consider two empty versions as equal" time="0">
    </testcase>
    <testcase classname="utils/server_version/equalServerVersions should consider different strings without components as equal" name="utils/server_version/equalServerVersions should consider different strings without components as equal" time="0.001">
    </testcase>
    <testcase classname="utils/server_version/equalServerVersions should consider different malformed versions as equal ignoring the last two components" name="utils/server_version/equalServerVersions should consider different malformed versions as equal ignoring the last two components" time="0">
    </testcase>
    <testcase classname="utils/server_version/equalServerVersions should consider an empty version different from a non-empty one" name="utils/server_version/equalServerVersions should consider an empty version different from a non-empty one" time="0.001">
    </testcase>
    <testcase classname="utils/server_version/equalServerVersions should consider the same versions equal" name="utils/server_version/equalServerVersions should consider the same versions equal" time="0">
    </testcase>
    <testcase classname="utils/server_version/equalServerVersions should consider different release versions unequal" name="utils/server_version/equalServerVersions should consider different release versions unequal" time="0.001">
    </testcase>
    <testcase classname="utils/server_version/equalServerVersions should consider different build numbers unequal" name="utils/server_version/equalServerVersions should consider different build numbers unequal" time="0">
    </testcase>
    <testcase classname="utils/server_version/equalServerVersions should ignore different config hashes" name="utils/server_version/equalServerVersions should ignore different config hashes" time="0">
    </testcase>
    <testcase classname="utils/server_version/equalServerVersions should ignore different licensed statuses" name="utils/server_version/equalServerVersions should ignore different licensed statuses" time="0">
    </testcase>
  </testsuite>
  <testsuite name="components/admin_console/permission_schemes_settings/permission_checkbox" errors="0" failures="0" skipped="0" timestamp="2019-10-30T22:31:44" time="0.161" tests="4">
    <testcase classname="components/admin_console/permission_schemes_settings/permission_checkbox should match snapshot on no value" name="components/admin_console/permission_schemes_settings/permission_checkbox should match snapshot on no value" time="0.002">
    </testcase>
    <testcase classname="components/admin_console/permission_schemes_settings/permission_checkbox should match snapshot on value &quot;checked&quot;" name="components/admin_console/permission_schemes_settings/permission_checkbox should match snapshot on value &quot;checked&quot;" time="0.001">
    </testcase>
    <testcase classname="components/admin_console/permission_schemes_settings/permission_checkbox should match snapshot on value &quot;intermediate&quot;" name="components/admin_console/permission_schemes_settings/permission_checkbox should match snapshot on value &quot;intermediate&quot;" time="0.001">
    </testcase>
    <testcase classname="components/admin_console/permission_schemes_settings/permission_checkbox should match snapshot on other value" name="components/admin_console/permission_schemes_settings/permission_checkbox should match snapshot on other value" time="0.001">
    </testcase>
  </testsuite>
  <testsuite name="Latinise" errors="0" failures="0" skipped="0" timestamp="2019-10-30T22:31:44" time="0.106" tests="3">
    <testcase classname="Latinise handleNames should return ascii version of Dév Spé" name="Latinise handleNames should return ascii version of Dév Spé" time="0.001">
    </testcase>
    <testcase classname="Latinise handleNames should not replace any characters" name="Latinise handleNames should not replace any characters" time="0">
    </testcase>
    <testcase classname="Latinise handleNames should replace characters with diacritics with ascii equivalents" name="Latinise handleNames should replace characters with diacritics with ascii equivalents" time="0.001">
    </testcase>
  </testsuite>
  <testsuite name="components/admin_console/system_users/list/selectors" errors="0" failures="0" skipped="0" timestamp="2019-10-30T22:31:44" time="0.142" tests="10">
    <testcase classname="components/admin_console/system_users/list/selectors should return no users when loading" name="components/admin_console/system_users/list/selectors should return no users when loading" time="0">
    </testcase>
    <testcase classname="components/admin_console/system_users/list/selectors should search by term over all profiles returning users users" name="components/admin_console/system_users/list/selectors should search by term over all profiles returning users users" time="0.001">
    </testcase>
    <testcase classname="components/admin_console/system_users/list/selectors should search by term over all profiles falling back to fetching user by id and the user is found" name="components/admin_console/system_users/list/selectors should search by term over all profiles falling back to fetching user by id and the user is found" time="0.001">
    </testcase>
    <testcase classname="components/admin_console/system_users/list/selectors should search by term over all profiles falling back to fetching user by id and the user is not found" name="components/admin_console/system_users/list/selectors should search by term over all profiles falling back to fetching user by id and the user is not found" time="0">
    </testcase>
    <testcase classname="components/admin_console/system_users/list/selectors should search by term and team id returning users users found in team" name="components/admin_console/system_users/list/selectors should search by term and team id returning users users found in team" time="0.001">
    </testcase>
    <testcase classname="components/admin_console/system_users/list/selectors should search by term and team id falling back to fetching user by id and the user is found" name="components/admin_console/system_users/list/selectors should search by term and team id falling back to fetching user by id and the user is found" time="0.001">
    </testcase>
    <testcase classname="components/admin_console/system_users/list/selectors should search by term and team id falling back to fetching user by id and the user is not found" name="components/admin_console/system_users/list/selectors should search by term and team id falling back to fetching user by id and the user is not found" time="0.001">
    </testcase>
    <testcase classname="components/admin_console/system_users/list/selectors should return all profiles" name="components/admin_console/system_users/list/selectors should return all profiles" time="0">
    </testcase>
    <testcase classname="components/admin_console/system_users/list/selectors should return profiles without a team" name="components/admin_console/system_users/list/selectors should return profiles without a team" time="0.001">
    </testcase>
    <testcase classname="components/admin_console/system_users/list/selectors should return profiles for the given team" name="components/admin_console/system_users/list/selectors should return profiles for the given team" time="0.001">
    </testcase>
  </testsuite>
  <testsuite name="plugins/Pluggable" errors="0" failures="0" skipped="0" timestamp="2019-10-30T22:31:44" time="0.149" tests="2">
    <testcase classname="plugins/Pluggable should return null if neither pluggableName nor children is is defined in props" name="plugins/Pluggable should return null if neither pluggableName nor children is is defined in props" time="0.003">
    </testcase>
    <testcase classname="plugins/Pluggable should return null if with pluggableName but no children" name="plugins/Pluggable should return null if with pluggableName but no children" time="0.001">
    </testcase>
  </testsuite>
  <testsuite name="components/LoadingImagePreview" errors="0" failures="0" skipped="0" timestamp="2019-10-30T22:31:44" time="0.143" tests="1">
    <testcase classname="components/LoadingImagePreview should match snapshot" name="components/LoadingImagePreview should match snapshot" time="0.006">
    </testcase>
  </testsuite>
  <testsuite name="Utils.URL" errors="0" failures="0" skipped="0" timestamp="2019-10-30T22:31:44" time="0.145" tests="6">
    <testcase classname="Utils.URL getRelativeChannelURL" name="Utils.URL getRelativeChannelURL" time="0.001">
    </testcase>
    <testcase classname="Utils.URL getSiteURL origin" name="Utils.URL getSiteURL origin" time="0">
    </testcase>
    <testcase classname="Utils.URL getSiteURL origin, trailing slash" name="Utils.URL getSiteURL origin, trailing slash" time="0.001">
    </testcase>
    <testcase classname="Utils.URL getSiteURL origin, with basename" name="Utils.URL getSiteURL origin, with basename" time="0">
    </testcase>
    <testcase classname="Utils.URL getSiteURL no origin" name="Utils.URL getSiteURL no origin" time="0.001">
    </testcase>
    <testcase classname="Utils.URL getSiteURL no origin, with basename" name="Utils.URL getSiteURL no origin, with basename" time="0">
    </testcase>
  </testsuite>
  <testsuite name="modals selector" errors="0" failures="0" skipped="0" timestamp="2019-10-30T22:31:44" time="0.125" tests="2">
    <testcase classname="modals selector should return the isOpen value from the state for the given modalId" name="modals selector should return the isOpen value from the state for the given modalId" time="0.001">
    </testcase>
    <testcase classname="modals selector should return false when the given ModalId is not in state" name="modals selector should return false when the given ModalId is not in state" time="0.001">
    </testcase>
  </testsuite>
  <testsuite name="components/post_view/FailedPostOptions" errors="0" failures="0" skipped="0" timestamp="2019-10-30T22:31:44" time="0.157" tests="3">
    <testcase classname="components/post_view/FailedPostOptions should match snapshot" name="components/post_view/FailedPostOptions should match snapshot" time="0.002">
    </testcase>
    <testcase classname="components/post_view/FailedPostOptions should create post on retry" name="components/post_view/FailedPostOptions should create post on retry" time="0.004">
    </testcase>
    <testcase classname="components/post_view/FailedPostOptions should remove post on cancel" name="components/post_view/FailedPostOptions should remove post on cancel" time="0.002">
    </testcase>
  </testsuite>
  <testsuite name="Selectors.Lhs" errors="0" failures="0" skipped="0" timestamp="2019-10-30T22:31:44" time="0.122" tests="2">
    <testcase classname="Selectors.Lhs should return the open state of the sidebar menu when open is true" name="Selectors.Lhs should return the open state of the sidebar menu when open is true" time="0.001">
    </testcase>
    <testcase classname="Selectors.Lhs should return the open state of the sidebar menu when open is false" name="Selectors.Lhs should return the open state of the sidebar menu when open is false" time="0">
    </testcase>
  </testsuite>
  <testsuite name="PositionUtils.popOverOverlayPosition" errors="0" failures="0" skipped="0" timestamp="2019-10-30T22:31:44" time="0.17" tests="1">
    <testcase classname="PositionUtils.popOverOverlayPosition Should return placement position for overlay based on bounds, space required and innerHeight" name="PositionUtils.popOverOverlayPosition Should return placement position for overlay based on bounds, space required and innerHeight" time="0.001">
    </testcase>
  </testsuite>
  <testsuite name="Emoticons" errors="0" failures="0" skipped="0" timestamp="2019-10-30T22:31:44" time="0.142" tests="5">
    <testcase classname="Emoticons handleEmoticons should replace emoticons with tokens" name="Emoticons handleEmoticons should replace emoticons with tokens" time="0.001">
    </testcase>
    <testcase classname="Emoticons handleEmoticons should replace emoticons not separated by whitespace" name="Emoticons handleEmoticons should replace emoticons not separated by whitespace" time="0.001">
    </testcase>
    <testcase classname="Emoticons handleEmoticons should replace emoticons separated by punctuation" name="Emoticons handleEmoticons should replace emoticons separated by punctuation" time="0.001">
    </testcase>
    <testcase classname="Emoticons handleEmoticons should replace emoticons separated by text" name="Emoticons handleEmoticons should replace emoticons separated by text" time="0">
    </testcase>
    <testcase classname="Emoticons handleEmoticons shouldn&apos;t replace invalid emoticons" name="Emoticons handleEmoticons shouldn&apos;t replace invalid emoticons" time="0.001">
    </testcase>
  </testsuite>
  <testsuite name="components/dot_menu/DotMenuItem" errors="0" failures="0" skipped="0" timestamp="2019-10-30T22:31:44" time="0.107" tests="1">
    <testcase classname="components/dot_menu/DotMenuItem should match snapshot, " name="components/dot_menu/DotMenuItem should match snapshot, " time="0.002">
    </testcase>
  </testsuite>
  <testsuite name="Selectors.Storage" errors="0" failures="0" skipped="0" timestamp="2019-10-30T22:31:44" time="0.085" tests="3">
    <testcase classname="Selectors.Storage getPrefix" name="Selectors.Storage getPrefix" time="0.001">
    </testcase>
    <testcase classname="Selectors.Storage makeGetGlobalItem" name="Selectors.Storage makeGetGlobalItem" time="0">
    </testcase>
    <testcase classname="Selectors.Storage makeGetItem" name="Selectors.Storage makeGetItem" time="0">
    </testcase>
  </testsuite>
  <testsuite name="PolicyRolesAdapter" errors="0" failures="0" skipped="0" timestamp="2019-10-30T22:31:44" time="0.142" tests="10">
    <testcase classname="PolicyRolesAdapter PolicyRolesAdapter.rolesFromMapping unknown value throws an exception" name="PolicyRolesAdapter PolicyRolesAdapter.rolesFromMapping unknown value throws an exception" time="0.002">
    </testcase>
    <testcase classname="PolicyRolesAdapter PolicyRolesAdapter.rolesFromMapping ignores unknown keys" name="PolicyRolesAdapter PolicyRolesAdapter.rolesFromMapping ignores unknown keys" time="0.001">
    </testcase>
    <testcase classname="PolicyRolesAdapter PolicyRolesAdapter.rolesFromMapping mock data setup" name="PolicyRolesAdapter PolicyRolesAdapter.rolesFromMapping mock data setup" time="0">
    </testcase>
    <testcase classname="PolicyRolesAdapter PolicyRolesAdapter.rolesFromMapping enableTeamCreation true" name="PolicyRolesAdapter PolicyRolesAdapter.rolesFromMapping enableTeamCreation true" time="0.001">
    </testcase>
    <testcase classname="PolicyRolesAdapter PolicyRolesAdapter.rolesFromMapping enableTeamCreation false" name="PolicyRolesAdapter PolicyRolesAdapter.rolesFromMapping enableTeamCreation false" time="0.001">
    </testcase>
    <testcase classname="PolicyRolesAdapter PolicyRolesAdapter.rolesFromMapping enableOnlyAdminIntegrations true" name="PolicyRolesAdapter PolicyRolesAdapter.rolesFromMapping enableOnlyAdminIntegrations true" time="0.001">
    </testcase>
    <testcase classname="PolicyRolesAdapter PolicyRolesAdapter.rolesFromMapping enableOnlyAdminIntegrations false" name="PolicyRolesAdapter PolicyRolesAdapter.rolesFromMapping enableOnlyAdminIntegrations false" time="0.002">
    </testcase>
    <testcase classname="PolicyRolesAdapter PolicyRolesAdapter.rolesFromMapping it only returns the updated roles" name="PolicyRolesAdapter PolicyRolesAdapter.rolesFromMapping it only returns the updated roles" time="0">
    </testcase>
    <testcase classname="PolicyRolesAdapter PolicyRolesAdapter.mappingValueFromRoles enableTeamCreation returns the expected policy value for a enableTeamCreation policy" name="PolicyRolesAdapter PolicyRolesAdapter.mappingValueFromRoles enableTeamCreation returns the expected policy value for a enableTeamCreation policy" time="0.002">
    </testcase>
    <testcase classname="PolicyRolesAdapter PolicyRolesAdapter.mappingValueFromRoles enableOnlyAdminIntegrations returns the expected policy value for a enableOnlyAdminIntegrations policy" name="PolicyRolesAdapter PolicyRolesAdapter.mappingValueFromRoles enableOnlyAdminIntegrations returns the expected policy value for a enableOnlyAdminIntegrations policy" time="0.001">
    </testcase>
  </testsuite>
  <testsuite name="components/AutosizeTextarea" errors="0" failures="0" skipped="0" timestamp="2019-10-30T22:31:44" time="0.106" tests="1">
    <testcase classname="components/AutosizeTextarea should match snapshot, init" name="components/AutosizeTextarea should match snapshot, init" time="0.001">
    </testcase>
  </testsuite>
</testsuites>